2025-10-28 14:33:50.590 INFO  [background-preinit] o.h.validator.internal.util.Version - HV000001: Hibernate Validator 8.0.3.Final
2025-10-28 14:33:50.644 INFO  [main] c.example.gdzc.JavaGdzcApplication - Starting JavaGdzcApplication using Java 25 with PID 15540 (C:\Users\Administrator\Desktop\Java_gdzc\target\classes started by Administrator in C:\Users\Administrator\Desktop\Java_gdzc)
2025-10-28 14:33:50.645 INFO  [main] c.example.gdzc.JavaGdzcApplication - No active profile set, falling back to 1 default profile: "default"
2025-10-28 14:33:51.679 INFO  [main] o.s.d.r.c.RepositoryConfigurationDelegate - Bootstrapping Spring Data JPA repositories in DEFAULT mode.
2025-10-28 14:33:51.785 INFO  [main] o.s.d.r.c.RepositoryConfigurationDelegate - Finished Spring Data repository scanning in 96 ms. Found 21 JPA repository interfaces.
2025-10-28 14:33:52.332 INFO  [main] o.s.b.w.e.tomcat.TomcatWebServer - Tomcat initialized with port 13698 (http)
2025-10-28 14:33:52.348 INFO  [main] o.a.coyote.http11.Http11NioProtocol - Initializing ProtocolHandler ["http-nio-0.0.0.0-13698"]
2025-10-28 14:33:52.351 INFO  [main] o.a.catalina.core.StandardService - Starting service [Tomcat]
2025-10-28 14:33:52.351 INFO  [main] o.a.catalina.core.StandardEngine - Starting Servlet engine: [Apache Tomcat/10.1.46]
2025-10-28 14:33:52.422 INFO  [main] o.a.c.c.C.[Tomcat].[localhost].[/] - Initializing Spring embedded WebApplicationContext
2025-10-28 14:33:52.422 INFO  [main] o.s.b.w.s.c.ServletWebServerApplicationContext - Root WebApplicationContext: initialization completed in 1732 ms
2025-10-28 14:33:52.561 DEBUG [main] o.s.w.f.ServerHttpObservationFilter - Filter 'webMvcObservationFilter' configured for use
2025-10-28 14:33:52.617 DEBUG [main] com.zaxxer.hikari.HikariConfig - Class com.mysql.cj.jdbc.Driver found in Thread context class loader jdk.internal.loader.ClassLoaders$AppClassLoader@105be200
2025-10-28 14:33:52.781 DEBUG [main] o.f.c.i.s.classpath.ClassPathScanner - Scanning for classpath resources at 'classpath:db/callback' ...
2025-10-28 14:33:52.781 DEBUG [main] o.f.c.i.s.classpath.ClassPathScanner - Determining location urls for classpath:db/callback using ClassLoader jdk.internal.loader.ClassLoaders$AppClassLoader@105be200 ...
2025-10-28 14:33:52.781 DEBUG [main] o.f.c.i.s.classpath.ClassPathScanner - Unable to resolve location classpath:db/callback.
2025-10-28 14:33:52.781 DEBUG [main] o.f.c.i.s.classpath.ClassPathScanner - Scanning for classpath resources at 'classpath:db/migration' ...
2025-10-28 14:33:52.782 DEBUG [main] o.f.c.i.s.classpath.ClassPathScanner - Determining location urls for classpath:db/migration using ClassLoader jdk.internal.loader.ClassLoaders$AppClassLoader@105be200 ...
2025-10-28 14:33:52.782 DEBUG [main] o.f.c.i.s.classpath.ClassPathScanner - Scanning URL: file:/C:/Users/Administrator/Desktop/Java_gdzc/target/classes/db/migration
2025-10-28 14:33:52.784 DEBUG [main] o.f.c.i.s.c.FileSystemClassPathLocationScanner - Scanning starting at classpath root in filesystem: C:\Users\Administrator\Desktop\Java_gdzc\target\classes\
2025-10-28 14:33:52.784 DEBUG [main] o.f.c.i.s.c.FileSystemClassPathLocationScanner - Scanning for resources in path: C:\Users\Administrator\Desktop\Java_gdzc\target\classes\db\migration (db/migration)
2025-10-28 14:33:52.787 DEBUG [main] o.f.c.i.s.classpath.ClassPathScanner - Found resource: db/migration/V10__fix_charset_logs_locations.sql
2025-10-28 14:33:52.787 DEBUG [main] o.f.c.i.s.classpath.ClassPathScanner - Found resource: db/migration/V11__ensure_utf8mb4_all.sql
2025-10-28 14:33:52.787 DEBUG [main] o.f.c.i.s.classpath.ClassPathScanner - Found resource: db/migration/V12__users_and_roles.sql
2025-10-28 14:33:52.787 DEBUG [main] o.f.c.i.s.classpath.ClassPathScanner - Found resource: db/migration/V13__locations_hierarchy.sql
2025-10-28 14:33:52.788 DEBUG [main] o.f.c.i.s.classpath.ClassPathScanner - Found resource: db/migration/V14__locations_set_root_level.sql
2025-10-28 14:33:52.788 DEBUG [main] o.f.c.i.s.classpath.ClassPathScanner - Found resource: db/migration/V15__create_suppliers.sql
2025-10-28 14:33:52.788 DEBUG [main] o.f.c.i.s.classpath.ClassPathScanner - Found resource: db/migration/V16__create_equipment_categories.sql
2025-10-28 14:33:52.788 DEBUG [main] o.f.c.i.s.classpath.ClassPathScanner - Found resource: db/migration/V17__create_inventory_records.sql
2025-10-28 14:33:52.788 DEBUG [main] o.f.c.i.s.classpath.ClassPathScanner - Found resource: db/migration/V18__alter_equipment_add_columns.sql
2025-10-28 14:33:52.789 DEBUG [main] o.f.c.i.s.classpath.ClassPathScanner - Found resource: db/migration/V19__add_foreign_keys_and_indexes.sql
2025-10-28 14:33:52.789 DEBUG [main] o.f.c.i.s.classpath.ClassPathScanner - Found resource: db/migration/V1__init_locations.sql
2025-10-28 14:33:52.789 DEBUG [main] o.f.c.i.s.classpath.ClassPathScanner - Found resource: db/migration/V20__equipment_categories_set_root_level.sql
2025-10-28 14:33:52.789 DEBUG [main] o.f.c.i.s.classpath.ClassPathScanner - Found resource: db/migration/V21__alter_equipment_add_quantity.sql
2025-10-28 14:33:52.789 DEBUG [main] o.f.c.i.s.classpath.ClassPathScanner - Found resource: db/migration/V22__create_equipment_transfers.sql
2025-10-28 14:33:52.789 DEBUG [main] o.f.c.i.s.classpath.ClassPathScanner - Found resource: db/migration/V23__inventory_adjust_fields.sql
2025-10-28 14:33:52.790 DEBUG [main] o.f.c.i.s.classpath.ClassPathScanner - Found resource: db/migration/V24__repair_missing_transfers_table.sql
2025-10-28 14:33:52.790 DEBUG [main] o.f.c.i.s.classpath.ClassPathScanner - Found resource: db/migration/V25__spare_consumables_knowledge.sql
2025-10-28 14:33:52.790 DEBUG [main] o.f.c.i.s.classpath.ClassPathScanner - Found resource: db/migration/V2__operation_logs.sql
2025-10-28 14:33:52.790 DEBUG [main] o.f.c.i.s.classpath.ClassPathScanner - Found resource: db/migration/V3__equipment.sql
2025-10-28 14:33:52.790 DEBUG [main] o.f.c.i.s.classpath.ClassPathScanner - Found resource: db/migration/V4__inventory_records.sql
2025-10-28 14:33:52.791 DEBUG [main] o.f.c.i.s.classpath.ClassPathScanner - Found resource: db/migration/V5__borrow_records.sql
2025-10-28 14:33:52.791 DEBUG [main] o.f.c.i.s.classpath.ClassPathScanner - Found resource: db/migration/V6__placement_logs.sql
2025-10-28 14:33:52.791 DEBUG [main] o.f.c.i.s.classpath.ClassPathScanner - Found resource: db/migration/V7__maintenance_records.sql
2025-10-28 14:33:52.791 DEBUG [main] o.f.c.i.s.classpath.ClassPathScanner - Found resource: db/migration/V8__scrap_records.sql
2025-10-28 14:33:52.791 DEBUG [main] o.f.c.i.s.classpath.ClassPathScanner - Found resource: db/migration/V9__charset_utf8mb4.sql
2025-10-28 14:33:52.792 DEBUG [main] o.f.c.i.s.classpath.ClassPathScanner - Scanning for classes at classpath:db/migration
2025-10-28 14:33:52.795 DEBUG [main] o.s.j.d.SimpleDriverDataSource - Creating new JDBC Driver Connection to [jdbc:mysql://127.0.0.1:3306/gdzc?useSSL=false&allowPublicKeyRetrieval=true&serverTimezone=Asia/Shanghai&useUnicode=true&characterEncoding=utf8]
2025-10-28 14:33:53.024 DEBUG [main] o.f.c.i.r.ResourceNameValidator - Validating V1__init_locations.sql
2025-10-28 14:33:53.024 DEBUG [main] o.f.c.i.r.ResourceNameValidator - Validating V10__fix_charset_logs_locations.sql
2025-10-28 14:33:53.025 DEBUG [main] o.f.c.i.r.ResourceNameValidator - Validating V3__equipment.sql
2025-10-28 14:33:53.025 DEBUG [main] o.f.c.i.r.ResourceNameValidator - Validating V7__maintenance_records.sql
2025-10-28 14:33:53.025 DEBUG [main] o.f.c.i.r.ResourceNameValidator - Validating V9__charset_utf8mb4.sql
2025-10-28 14:33:53.026 DEBUG [main] o.f.c.i.r.ResourceNameValidator - Validating V20__equipment_categories_set_root_level.sql
2025-10-28 14:33:53.026 DEBUG [main] o.f.c.i.r.ResourceNameValidator - Validating V21__alter_equipment_add_quantity.sql
2025-10-28 14:33:53.026 DEBUG [main] o.f.c.i.r.ResourceNameValidator - Validating V25__spare_consumables_knowledge.sql
2025-10-28 14:33:53.026 DEBUG [main] o.f.c.i.r.ResourceNameValidator - Validating V4__inventory_records.sql
2025-10-28 14:33:53.027 DEBUG [main] o.f.c.i.r.ResourceNameValidator - Validating V23__inventory_adjust_fields.sql
2025-10-28 14:33:53.027 DEBUG [main] o.f.c.i.r.ResourceNameValidator - Validating V18__alter_equipment_add_columns.sql
2025-10-28 14:33:53.027 DEBUG [main] o.f.c.i.r.ResourceNameValidator - Validating V16__create_equipment_categories.sql
2025-10-28 14:33:53.027 DEBUG [main] o.f.c.i.r.ResourceNameValidator - Validating V17__create_inventory_records.sql
2025-10-28 14:33:53.028 DEBUG [main] o.f.c.i.r.ResourceNameValidator - Validating V13__locations_hierarchy.sql
2025-10-28 14:33:53.028 DEBUG [main] o.f.c.i.r.ResourceNameValidator - Validating V14__locations_set_root_level.sql
2025-10-28 14:33:53.028 DEBUG [main] o.f.c.i.r.ResourceNameValidator - Validating V2__operation_logs.sql
2025-10-28 14:33:53.028 DEBUG [main] o.f.c.i.r.ResourceNameValidator - Validating V6__placement_logs.sql
2025-10-28 14:33:53.028 DEBUG [main] o.f.c.i.r.ResourceNameValidator - Validating V8__scrap_records.sql
2025-10-28 14:33:53.028 DEBUG [main] o.f.c.i.r.ResourceNameValidator - Validating V12__users_and_roles.sql
2025-10-28 14:33:53.028 DEBUG [main] o.f.c.i.r.ResourceNameValidator - Validating V22__create_equipment_transfers.sql
2025-10-28 14:33:53.029 DEBUG [main] o.f.c.i.r.ResourceNameValidator - Validating V19__add_foreign_keys_and_indexes.sql
2025-10-28 14:33:53.029 DEBUG [main] o.f.c.i.r.ResourceNameValidator - Validating V5__borrow_records.sql
2025-10-28 14:33:53.029 DEBUG [main] o.f.c.i.r.ResourceNameValidator - Validating V15__create_suppliers.sql
2025-10-28 14:33:53.029 DEBUG [main] o.f.c.i.r.ResourceNameValidator - Validating V24__repair_missing_transfers_table.sql
2025-10-28 14:33:53.029 DEBUG [main] o.f.c.i.r.ResourceNameValidator - Validating V11__ensure_utf8mb4_all.sql
2025-10-28 14:33:53.056 INFO  [main] org.flywaydb.core.FlywayExecutor - Database: jdbc:mysql://127.0.0.1:3306/gdzc?useSSL=false&allowPublicKeyRetrieval=true&serverTimezone=Asia/Shanghai&useUnicode=true&characterEncoding=utf8 (MySQL 8.0)
2025-10-28 14:33:53.056 DEBUG [main] org.flywaydb.core.FlywayExecutor - Database Type: MySQL
2025-10-28 14:33:53.056 DEBUG [main] org.flywaydb.core.FlywayExecutor - Driver: MySQL Connector/J mysql-connector-j-9.4.0 (Revision: d680767849154c8e136dfc3d8a0ae4d9fefd1fb7)
2025-10-28 14:33:53.056 DEBUG [main] org.flywaydb.core.FlywayExecutor - DDL Transactions Supported: false
2025-10-28 14:33:53.058 DEBUG [main] o.f.c.i.s.SchemaHistoryFactory - Schemas: gdzc
2025-10-28 14:33:53.058 DEBUG [main] o.f.c.i.s.SchemaHistoryFactory - Default schema: null
2025-10-28 14:33:53.079 DEBUG [main] org.flywaydb.core.FlywayExecutor - Scanning for script callbacks ...
2025-10-28 14:33:53.083 DEBUG [main] o.f.c.i.c.SqlScriptCallbackFactory - Scanning for SQL callbacks ...
2025-10-28 14:33:53.089 DEBUG [main] o.f.c.a.c.ClassicConfiguration - CherryPickConfigurationExtension not found
2025-10-28 14:33:53.093 DEBUG [main] o.f.c.a.c.ClassicConfiguration - CherryPickConfigurationExtension not found
2025-10-28 14:33:53.126 INFO  [main] o.f.c.i.s.JdbcTableSchemaHistory - Repair of failed migration in Schema History table `gdzc`.`flyway_schema_history` not necessary. No failed migration detected.
2025-10-28 14:33:53.146 DEBUG [main] o.f.core.internal.scanner.Scanner - Filtering out resource: db/migration/V1__init_locations.sql (filename: V1__init_locations.sql)
2025-10-28 14:33:53.146 DEBUG [main] o.f.core.internal.scanner.Scanner - Filtering out resource: db/migration/V10__fix_charset_logs_locations.sql (filename: V10__fix_charset_logs_locations.sql)
2025-10-28 14:33:53.147 DEBUG [main] o.f.core.internal.scanner.Scanner - Filtering out resource: db/migration/V3__equipment.sql (filename: V3__equipment.sql)
2025-10-28 14:33:53.147 DEBUG [main] o.f.core.internal.scanner.Scanner - Filtering out resource: db/migration/V7__maintenance_records.sql (filename: V7__maintenance_records.sql)
2025-10-28 14:33:53.147 DEBUG [main] o.f.core.internal.scanner.Scanner - Filtering out resource: db/migration/V9__charset_utf8mb4.sql (filename: V9__charset_utf8mb4.sql)
2025-10-28 14:33:53.147 DEBUG [main] o.f.core.internal.scanner.Scanner - Filtering out resource: db/migration/V20__equipment_categories_set_root_level.sql (filename: V20__equipment_categories_set_root_level.sql)
2025-10-28 14:33:53.148 DEBUG [main] o.f.core.internal.scanner.Scanner - Filtering out resource: db/migration/V21__alter_equipment_add_quantity.sql (filename: V21__alter_equipment_add_quantity.sql)
2025-10-28 14:33:53.148 DEBUG [main] o.f.core.internal.scanner.Scanner - Filtering out resource: db/migration/V25__spare_consumables_knowledge.sql (filename: V25__spare_consumables_knowledge.sql)
2025-10-28 14:33:53.148 DEBUG [main] o.f.core.internal.scanner.Scanner - Filtering out resource: db/migration/V4__inventory_records.sql (filename: V4__inventory_records.sql)
2025-10-28 14:33:53.148 DEBUG [main] o.f.core.internal.scanner.Scanner - Filtering out resource: db/migration/V23__inventory_adjust_fields.sql (filename: V23__inventory_adjust_fields.sql)
2025-10-28 14:33:53.149 DEBUG [main] o.f.core.internal.scanner.Scanner - Filtering out resource: db/migration/V18__alter_equipment_add_columns.sql (filename: V18__alter_equipment_add_columns.sql)
2025-10-28 14:33:53.149 DEBUG [main] o.f.core.internal.scanner.Scanner - Filtering out resource: db/migration/V16__create_equipment_categories.sql (filename: V16__create_equipment_categories.sql)
2025-10-28 14:33:53.149 DEBUG [main] o.f.core.internal.scanner.Scanner - Filtering out resource: db/migration/V17__create_inventory_records.sql (filename: V17__create_inventory_records.sql)
2025-10-28 14:33:53.149 DEBUG [main] o.f.core.internal.scanner.Scanner - Filtering out resource: db/migration/V13__locations_hierarchy.sql (filename: V13__locations_hierarchy.sql)
2025-10-28 14:33:53.150 DEBUG [main] o.f.core.internal.scanner.Scanner - Filtering out resource: db/migration/V14__locations_set_root_level.sql (filename: V14__locations_set_root_level.sql)
2025-10-28 14:33:53.150 DEBUG [main] o.f.core.internal.scanner.Scanner - Filtering out resource: db/migration/V2__operation_logs.sql (filename: V2__operation_logs.sql)
2025-10-28 14:33:53.150 DEBUG [main] o.f.core.internal.scanner.Scanner - Filtering out resource: db/migration/V6__placement_logs.sql (filename: V6__placement_logs.sql)
2025-10-28 14:33:53.150 DEBUG [main] o.f.core.internal.scanner.Scanner - Filtering out resource: db/migration/V8__scrap_records.sql (filename: V8__scrap_records.sql)
2025-10-28 14:33:53.151 DEBUG [main] o.f.core.internal.scanner.Scanner - Filtering out resource: db/migration/V12__users_and_roles.sql (filename: V12__users_and_roles.sql)
2025-10-28 14:33:53.151 DEBUG [main] o.f.core.internal.scanner.Scanner - Filtering out resource: db/migration/V22__create_equipment_transfers.sql (filename: V22__create_equipment_transfers.sql)
2025-10-28 14:33:53.151 DEBUG [main] o.f.core.internal.scanner.Scanner - Filtering out resource: db/migration/V19__add_foreign_keys_and_indexes.sql (filename: V19__add_foreign_keys_and_indexes.sql)
2025-10-28 14:33:53.151 DEBUG [main] o.f.core.internal.scanner.Scanner - Filtering out resource: db/migration/V5__borrow_records.sql (filename: V5__borrow_records.sql)
2025-10-28 14:33:53.152 DEBUG [main] o.f.core.internal.scanner.Scanner - Filtering out resource: db/migration/V15__create_suppliers.sql (filename: V15__create_suppliers.sql)
2025-10-28 14:33:53.152 DEBUG [main] o.f.core.internal.scanner.Scanner - Filtering out resource: db/migration/V24__repair_missing_transfers_table.sql (filename: V24__repair_missing_transfers_table.sql)
2025-10-28 14:33:53.152 DEBUG [main] o.f.core.internal.scanner.Scanner - Filtering out resource: db/migration/V11__ensure_utf8mb4_all.sql (filename: V11__ensure_utf8mb4_all.sql)
2025-10-28 14:33:53.153 DEBUG [main] o.f.core.internal.scanner.Scanner - Filtering out resource: db/migration/V1__init_locations.sql (filename: V1__init_locations.sql)
2025-10-28 14:33:53.153 DEBUG [main] o.f.core.internal.scanner.Scanner - Filtering out resource: db/migration/V10__fix_charset_logs_locations.sql (filename: V10__fix_charset_logs_locations.sql)
2025-10-28 14:33:53.154 DEBUG [main] o.f.core.internal.scanner.Scanner - Filtering out resource: db/migration/V3__equipment.sql (filename: V3__equipment.sql)
2025-10-28 14:33:53.154 DEBUG [main] o.f.core.internal.scanner.Scanner - Filtering out resource: db/migration/V7__maintenance_records.sql (filename: V7__maintenance_records.sql)
2025-10-28 14:33:53.154 DEBUG [main] o.f.core.internal.scanner.Scanner - Filtering out resource: db/migration/V9__charset_utf8mb4.sql (filename: V9__charset_utf8mb4.sql)
2025-10-28 14:33:53.154 DEBUG [main] o.f.core.internal.scanner.Scanner - Filtering out resource: db/migration/V20__equipment_categories_set_root_level.sql (filename: V20__equipment_categories_set_root_level.sql)
2025-10-28 14:33:53.154 DEBUG [main] o.f.core.internal.scanner.Scanner - Filtering out resource: db/migration/V21__alter_equipment_add_quantity.sql (filename: V21__alter_equipment_add_quantity.sql)
2025-10-28 14:33:53.155 DEBUG [main] o.f.core.internal.scanner.Scanner - Filtering out resource: db/migration/V25__spare_consumables_knowledge.sql (filename: V25__spare_consumables_knowledge.sql)
2025-10-28 14:33:53.155 DEBUG [main] o.f.core.internal.scanner.Scanner - Filtering out resource: db/migration/V4__inventory_records.sql (filename: V4__inventory_records.sql)
2025-10-28 14:33:53.155 DEBUG [main] o.f.core.internal.scanner.Scanner - Filtering out resource: db/migration/V23__inventory_adjust_fields.sql (filename: V23__inventory_adjust_fields.sql)
2025-10-28 14:33:53.155 DEBUG [main] o.f.core.internal.scanner.Scanner - Filtering out resource: db/migration/V18__alter_equipment_add_columns.sql (filename: V18__alter_equipment_add_columns.sql)
2025-10-28 14:33:53.156 DEBUG [main] o.f.core.internal.scanner.Scanner - Filtering out resource: db/migration/V16__create_equipment_categories.sql (filename: V16__create_equipment_categories.sql)
2025-10-28 14:33:53.156 DEBUG [main] o.f.core.internal.scanner.Scanner - Filtering out resource: db/migration/V17__create_inventory_records.sql (filename: V17__create_inventory_records.sql)
2025-10-28 14:33:53.156 DEBUG [main] o.f.core.internal.scanner.Scanner - Filtering out resource: db/migration/V13__locations_hierarchy.sql (filename: V13__locations_hierarchy.sql)
2025-10-28 14:33:53.156 DEBUG [main] o.f.core.internal.scanner.Scanner - Filtering out resource: db/migration/V14__locations_set_root_level.sql (filename: V14__locations_set_root_level.sql)
2025-10-28 14:33:53.157 DEBUG [main] o.f.core.internal.scanner.Scanner - Filtering out resource: db/migration/V2__operation_logs.sql (filename: V2__operation_logs.sql)
2025-10-28 14:33:53.157 DEBUG [main] o.f.core.internal.scanner.Scanner - Filtering out resource: db/migration/V6__placement_logs.sql (filename: V6__placement_logs.sql)
2025-10-28 14:33:53.158 DEBUG [main] o.f.core.internal.scanner.Scanner - Filtering out resource: db/migration/V8__scrap_records.sql (filename: V8__scrap_records.sql)
2025-10-28 14:33:53.158 DEBUG [main] o.f.core.internal.scanner.Scanner - Filtering out resource: db/migration/V12__users_and_roles.sql (filename: V12__users_and_roles.sql)
2025-10-28 14:33:53.158 DEBUG [main] o.f.core.internal.scanner.Scanner - Filtering out resource: db/migration/V22__create_equipment_transfers.sql (filename: V22__create_equipment_transfers.sql)
2025-10-28 14:33:53.159 DEBUG [main] o.f.core.internal.scanner.Scanner - Filtering out resource: db/migration/V19__add_foreign_keys_and_indexes.sql (filename: V19__add_foreign_keys_and_indexes.sql)
2025-10-28 14:33:53.159 DEBUG [main] o.f.core.internal.scanner.Scanner - Filtering out resource: db/migration/V5__borrow_records.sql (filename: V5__borrow_records.sql)
2025-10-28 14:33:53.159 DEBUG [main] o.f.core.internal.scanner.Scanner - Filtering out resource: db/migration/V15__create_suppliers.sql (filename: V15__create_suppliers.sql)
2025-10-28 14:33:53.159 DEBUG [main] o.f.core.internal.scanner.Scanner - Filtering out resource: db/migration/V24__repair_missing_transfers_table.sql (filename: V24__repair_missing_transfers_table.sql)
2025-10-28 14:33:53.160 DEBUG [main] o.f.core.internal.scanner.Scanner - Filtering out resource: db/migration/V11__ensure_utf8mb4_all.sql (filename: V11__ensure_utf8mb4_all.sql)
2025-10-28 14:33:53.162 DEBUG [main] o.f.core.internal.scanner.Scanner - Filtering out resource: db/migration/V1__init_locations.sql (filename: V1__init_locations.sql)
2025-10-28 14:33:53.162 DEBUG [main] o.f.core.internal.scanner.Scanner - Filtering out resource: db/migration/V10__fix_charset_logs_locations.sql (filename: V10__fix_charset_logs_locations.sql)
2025-10-28 14:33:53.162 DEBUG [main] o.f.core.internal.scanner.Scanner - Filtering out resource: db/migration/V3__equipment.sql (filename: V3__equipment.sql)
2025-10-28 14:33:53.162 DEBUG [main] o.f.core.internal.scanner.Scanner - Filtering out resource: db/migration/V7__maintenance_records.sql (filename: V7__maintenance_records.sql)
2025-10-28 14:33:53.163 DEBUG [main] o.f.core.internal.scanner.Scanner - Filtering out resource: db/migration/V9__charset_utf8mb4.sql (filename: V9__charset_utf8mb4.sql)
2025-10-28 14:33:53.163 DEBUG [main] o.f.core.internal.scanner.Scanner - Filtering out resource: db/migration/V20__equipment_categories_set_root_level.sql (filename: V20__equipment_categories_set_root_level.sql)
2025-10-28 14:33:53.163 DEBUG [main] o.f.core.internal.scanner.Scanner - Filtering out resource: db/migration/V21__alter_equipment_add_quantity.sql (filename: V21__alter_equipment_add_quantity.sql)
2025-10-28 14:33:53.164 DEBUG [main] o.f.core.internal.scanner.Scanner - Filtering out resource: db/migration/V25__spare_consumables_knowledge.sql (filename: V25__spare_consumables_knowledge.sql)
2025-10-28 14:33:53.164 DEBUG [main] o.f.core.internal.scanner.Scanner - Filtering out resource: db/migration/V4__inventory_records.sql (filename: V4__inventory_records.sql)
2025-10-28 14:33:53.164 DEBUG [main] o.f.core.internal.scanner.Scanner - Filtering out resource: db/migration/V23__inventory_adjust_fields.sql (filename: V23__inventory_adjust_fields.sql)
2025-10-28 14:33:53.164 DEBUG [main] o.f.core.internal.scanner.Scanner - Filtering out resource: db/migration/V18__alter_equipment_add_columns.sql (filename: V18__alter_equipment_add_columns.sql)
2025-10-28 14:33:53.164 DEBUG [main] o.f.core.internal.scanner.Scanner - Filtering out resource: db/migration/V16__create_equipment_categories.sql (filename: V16__create_equipment_categories.sql)
2025-10-28 14:33:53.165 DEBUG [main] o.f.core.internal.scanner.Scanner - Filtering out resource: db/migration/V17__create_inventory_records.sql (filename: V17__create_inventory_records.sql)
2025-10-28 14:33:53.165 DEBUG [main] o.f.core.internal.scanner.Scanner - Filtering out resource: db/migration/V13__locations_hierarchy.sql (filename: V13__locations_hierarchy.sql)
2025-10-28 14:33:53.165 DEBUG [main] o.f.core.internal.scanner.Scanner - Filtering out resource: db/migration/V14__locations_set_root_level.sql (filename: V14__locations_set_root_level.sql)
2025-10-28 14:33:53.166 DEBUG [main] o.f.core.internal.scanner.Scanner - Filtering out resource: db/migration/V2__operation_logs.sql (filename: V2__operation_logs.sql)
2025-10-28 14:33:53.166 DEBUG [main] o.f.core.internal.scanner.Scanner - Filtering out resource: db/migration/V6__placement_logs.sql (filename: V6__placement_logs.sql)
2025-10-28 14:33:53.166 DEBUG [main] o.f.core.internal.scanner.Scanner - Filtering out resource: db/migration/V8__scrap_records.sql (filename: V8__scrap_records.sql)
2025-10-28 14:33:53.166 DEBUG [main] o.f.core.internal.scanner.Scanner - Filtering out resource: db/migration/V12__users_and_roles.sql (filename: V12__users_and_roles.sql)
2025-10-28 14:33:53.167 DEBUG [main] o.f.core.internal.scanner.Scanner - Filtering out resource: db/migration/V22__create_equipment_transfers.sql (filename: V22__create_equipment_transfers.sql)
2025-10-28 14:33:53.167 DEBUG [main] o.f.core.internal.scanner.Scanner - Filtering out resource: db/migration/V19__add_foreign_keys_and_indexes.sql (filename: V19__add_foreign_keys_and_indexes.sql)
2025-10-28 14:33:53.167 DEBUG [main] o.f.core.internal.scanner.Scanner - Filtering out resource: db/migration/V5__borrow_records.sql (filename: V5__borrow_records.sql)
2025-10-28 14:33:53.168 DEBUG [main] o.f.core.internal.scanner.Scanner - Filtering out resource: db/migration/V15__create_suppliers.sql (filename: V15__create_suppliers.sql)
2025-10-28 14:33:53.168 DEBUG [main] o.f.core.internal.scanner.Scanner - Filtering out resource: db/migration/V24__repair_missing_transfers_table.sql (filename: V24__repair_missing_transfers_table.sql)
2025-10-28 14:33:53.168 DEBUG [main] o.f.core.internal.scanner.Scanner - Filtering out resource: db/migration/V11__ensure_utf8mb4_all.sql (filename: V11__ensure_utf8mb4_all.sql)
2025-10-28 14:33:53.168 DEBUG [main] o.f.core.internal.scanner.Scanner - Filtering out resource: db/migration/V1__init_locations.sql (filename: V1__init_locations.sql)
2025-10-28 14:33:53.169 DEBUG [main] o.f.core.internal.scanner.Scanner - Filtering out resource: db/migration/V10__fix_charset_logs_locations.sql (filename: V10__fix_charset_logs_locations.sql)
2025-10-28 14:33:53.169 DEBUG [main] o.f.core.internal.scanner.Scanner - Filtering out resource: db/migration/V3__equipment.sql (filename: V3__equipment.sql)
2025-10-28 14:33:53.169 DEBUG [main] o.f.core.internal.scanner.Scanner - Filtering out resource: db/migration/V7__maintenance_records.sql (filename: V7__maintenance_records.sql)
2025-10-28 14:33:53.169 DEBUG [main] o.f.core.internal.scanner.Scanner - Filtering out resource: db/migration/V9__charset_utf8mb4.sql (filename: V9__charset_utf8mb4.sql)
2025-10-28 14:33:53.169 DEBUG [main] o.f.core.internal.scanner.Scanner - Filtering out resource: db/migration/V20__equipment_categories_set_root_level.sql (filename: V20__equipment_categories_set_root_level.sql)
2025-10-28 14:33:53.170 DEBUG [main] o.f.core.internal.scanner.Scanner - Filtering out resource: db/migration/V21__alter_equipment_add_quantity.sql (filename: V21__alter_equipment_add_quantity.sql)
2025-10-28 14:33:53.170 DEBUG [main] o.f.core.internal.scanner.Scanner - Filtering out resource: db/migration/V25__spare_consumables_knowledge.sql (filename: V25__spare_consumables_knowledge.sql)
2025-10-28 14:33:53.170 DEBUG [main] o.f.core.internal.scanner.Scanner - Filtering out resource: db/migration/V4__inventory_records.sql (filename: V4__inventory_records.sql)
2025-10-28 14:33:53.170 DEBUG [main] o.f.core.internal.scanner.Scanner - Filtering out resource: db/migration/V23__inventory_adjust_fields.sql (filename: V23__inventory_adjust_fields.sql)
2025-10-28 14:33:53.171 DEBUG [main] o.f.core.internal.scanner.Scanner - Filtering out resource: db/migration/V18__alter_equipment_add_columns.sql (filename: V18__alter_equipment_add_columns.sql)
2025-10-28 14:33:53.171 DEBUG [main] o.f.core.internal.scanner.Scanner - Filtering out resource: db/migration/V16__create_equipment_categories.sql (filename: V16__create_equipment_categories.sql)
2025-10-28 14:33:53.171 DEBUG [main] o.f.core.internal.scanner.Scanner - Filtering out resource: db/migration/V17__create_inventory_records.sql (filename: V17__create_inventory_records.sql)
2025-10-28 14:33:53.171 DEBUG [main] o.f.core.internal.scanner.Scanner - Filtering out resource: db/migration/V13__locations_hierarchy.sql (filename: V13__locations_hierarchy.sql)
2025-10-28 14:33:53.171 DEBUG [main] o.f.core.internal.scanner.Scanner - Filtering out resource: db/migration/V14__locations_set_root_level.sql (filename: V14__locations_set_root_level.sql)
2025-10-28 14:33:53.172 DEBUG [main] o.f.core.internal.scanner.Scanner - Filtering out resource: db/migration/V2__operation_logs.sql (filename: V2__operation_logs.sql)
2025-10-28 14:33:53.173 DEBUG [main] o.f.core.internal.scanner.Scanner - Filtering out resource: db/migration/V6__placement_logs.sql (filename: V6__placement_logs.sql)
2025-10-28 14:33:53.173 DEBUG [main] o.f.core.internal.scanner.Scanner - Filtering out resource: db/migration/V8__scrap_records.sql (filename: V8__scrap_records.sql)
2025-10-28 14:33:53.173 DEBUG [main] o.f.core.internal.scanner.Scanner - Filtering out resource: db/migration/V12__users_and_roles.sql (filename: V12__users_and_roles.sql)
2025-10-28 14:33:53.173 DEBUG [main] o.f.core.internal.scanner.Scanner - Filtering out resource: db/migration/V22__create_equipment_transfers.sql (filename: V22__create_equipment_transfers.sql)
2025-10-28 14:33:53.174 DEBUG [main] o.f.core.internal.scanner.Scanner - Filtering out resource: db/migration/V19__add_foreign_keys_and_indexes.sql (filename: V19__add_foreign_keys_and_indexes.sql)
2025-10-28 14:33:53.174 DEBUG [main] o.f.core.internal.scanner.Scanner - Filtering out resource: db/migration/V5__borrow_records.sql (filename: V5__borrow_records.sql)
2025-10-28 14:33:53.174 DEBUG [main] o.f.core.internal.scanner.Scanner - Filtering out resource: db/migration/V15__create_suppliers.sql (filename: V15__create_suppliers.sql)
2025-10-28 14:33:53.174 DEBUG [main] o.f.core.internal.scanner.Scanner - Filtering out resource: db/migration/V24__repair_missing_transfers_table.sql (filename: V24__repair_missing_transfers_table.sql)
2025-10-28 14:33:53.175 DEBUG [main] o.f.core.internal.scanner.Scanner - Filtering out resource: db/migration/V11__ensure_utf8mb4_all.sql (filename: V11__ensure_utf8mb4_all.sql)
2025-10-28 14:33:53.184 INFO  [main] o.f.core.internal.command.DbRepair - Successfully repaired schema history table `gdzc`.`flyway_schema_history` (execution time 00:00.091s).
2025-10-28 14:33:53.189 DEBUG [main] org.flywaydb.core.FlywayExecutor - Memory usage: 56 of 82M
2025-10-28 14:33:53.190 DEBUG [main] o.f.c.i.s.classpath.ClassPathScanner - Scanning for classpath resources at 'classpath:db/migration' ...
2025-10-28 14:33:53.190 DEBUG [main] o.f.c.i.s.classpath.ClassPathScanner - Determining location urls for classpath:db/migration using ClassLoader jdk.internal.loader.ClassLoaders$AppClassLoader@105be200 ...
2025-10-28 14:33:53.190 DEBUG [main] o.f.c.i.s.classpath.ClassPathScanner - Scanning URL: file:/C:/Users/Administrator/Desktop/Java_gdzc/target/classes/db/migration
2025-10-28 14:33:53.191 DEBUG [main] o.f.c.i.s.classpath.ClassPathScanner - Found resource: db/migration/V10__fix_charset_logs_locations.sql
2025-10-28 14:33:53.191 DEBUG [main] o.f.c.i.s.classpath.ClassPathScanner - Found resource: db/migration/V11__ensure_utf8mb4_all.sql
2025-10-28 14:33:53.191 DEBUG [main] o.f.c.i.s.classpath.ClassPathScanner - Found resource: db/migration/V12__users_and_roles.sql
2025-10-28 14:33:53.191 DEBUG [main] o.f.c.i.s.classpath.ClassPathScanner - Found resource: db/migration/V13__locations_hierarchy.sql
2025-10-28 14:33:53.192 DEBUG [main] o.f.c.i.s.classpath.ClassPathScanner - Found resource: db/migration/V14__locations_set_root_level.sql
2025-10-28 14:33:53.192 DEBUG [main] o.f.c.i.s.classpath.ClassPathScanner - Found resource: db/migration/V15__create_suppliers.sql
2025-10-28 14:33:53.192 DEBUG [main] o.f.c.i.s.classpath.ClassPathScanner - Found resource: db/migration/V16__create_equipment_categories.sql
2025-10-28 14:33:53.192 DEBUG [main] o.f.c.i.s.classpath.ClassPathScanner - Found resource: db/migration/V17__create_inventory_records.sql
2025-10-28 14:33:53.192 DEBUG [main] o.f.c.i.s.classpath.ClassPathScanner - Found resource: db/migration/V18__alter_equipment_add_columns.sql
2025-10-28 14:33:53.192 DEBUG [main] o.f.c.i.s.classpath.ClassPathScanner - Found resource: db/migration/V19__add_foreign_keys_and_indexes.sql
2025-10-28 14:33:53.193 DEBUG [main] o.f.c.i.s.classpath.ClassPathScanner - Found resource: db/migration/V1__init_locations.sql
2025-10-28 14:33:53.193 DEBUG [main] o.f.c.i.s.classpath.ClassPathScanner - Found resource: db/migration/V20__equipment_categories_set_root_level.sql
2025-10-28 14:33:53.193 DEBUG [main] o.f.c.i.s.classpath.ClassPathScanner - Found resource: db/migration/V21__alter_equipment_add_quantity.sql
2025-10-28 14:33:53.193 DEBUG [main] o.f.c.i.s.classpath.ClassPathScanner - Found resource: db/migration/V22__create_equipment_transfers.sql
2025-10-28 14:33:53.193 DEBUG [main] o.f.c.i.s.classpath.ClassPathScanner - Found resource: db/migration/V23__inventory_adjust_fields.sql
2025-10-28 14:33:53.193 DEBUG [main] o.f.c.i.s.classpath.ClassPathScanner - Found resource: db/migration/V24__repair_missing_transfers_table.sql
2025-10-28 14:33:53.194 DEBUG [main] o.f.c.i.s.classpath.ClassPathScanner - Found resource: db/migration/V25__spare_consumables_knowledge.sql
2025-10-28 14:33:53.194 DEBUG [main] o.f.c.i.s.classpath.ClassPathScanner - Found resource: db/migration/V2__operation_logs.sql
2025-10-28 14:33:53.194 DEBUG [main] o.f.c.i.s.classpath.ClassPathScanner - Found resource: db/migration/V3__equipment.sql
2025-10-28 14:33:53.194 DEBUG [main] o.f.c.i.s.classpath.ClassPathScanner - Found resource: db/migration/V4__inventory_records.sql
2025-10-28 14:33:53.194 DEBUG [main] o.f.c.i.s.classpath.ClassPathScanner - Found resource: db/migration/V5__borrow_records.sql
2025-10-28 14:33:53.194 DEBUG [main] o.f.c.i.s.classpath.ClassPathScanner - Found resource: db/migration/V6__placement_logs.sql
2025-10-28 14:33:53.195 DEBUG [main] o.f.c.i.s.classpath.ClassPathScanner - Found resource: db/migration/V7__maintenance_records.sql
2025-10-28 14:33:53.195 DEBUG [main] o.f.c.i.s.classpath.ClassPathScanner - Found resource: db/migration/V8__scrap_records.sql
2025-10-28 14:33:53.195 DEBUG [main] o.f.c.i.s.classpath.ClassPathScanner - Found resource: db/migration/V9__charset_utf8mb4.sql
2025-10-28 14:33:53.195 DEBUG [main] o.f.c.i.s.classpath.ClassPathScanner - Scanning for classes at classpath:db/migration
2025-10-28 14:33:53.195 DEBUG [main] o.s.j.d.SimpleDriverDataSource - Creating new JDBC Driver Connection to [jdbc:mysql://127.0.0.1:3306/gdzc?useSSL=false&allowPublicKeyRetrieval=true&serverTimezone=Asia/Shanghai&useUnicode=true&characterEncoding=utf8]
2025-10-28 14:33:53.199 DEBUG [main] o.f.c.i.r.ResourceNameValidator - Validating V1__init_locations.sql
2025-10-28 14:33:53.200 DEBUG [main] o.f.c.i.r.ResourceNameValidator - Validating V10__fix_charset_logs_locations.sql
2025-10-28 14:33:53.200 DEBUG [main] o.f.c.i.r.ResourceNameValidator - Validating V3__equipment.sql
2025-10-28 14:33:53.200 DEBUG [main] o.f.c.i.r.ResourceNameValidator - Validating V7__maintenance_records.sql
2025-10-28 14:33:53.200 DEBUG [main] o.f.c.i.r.ResourceNameValidator - Validating V9__charset_utf8mb4.sql
2025-10-28 14:33:53.201 DEBUG [main] o.f.c.i.r.ResourceNameValidator - Validating V20__equipment_categories_set_root_level.sql
2025-10-28 14:33:53.201 DEBUG [main] o.f.c.i.r.ResourceNameValidator - Validating V21__alter_equipment_add_quantity.sql
2025-10-28 14:33:53.201 DEBUG [main] o.f.c.i.r.ResourceNameValidator - Validating V25__spare_consumables_knowledge.sql
2025-10-28 14:33:53.201 DEBUG [main] o.f.c.i.r.ResourceNameValidator - Validating V4__inventory_records.sql
2025-10-28 14:33:53.201 DEBUG [main] o.f.c.i.r.ResourceNameValidator - Validating V23__inventory_adjust_fields.sql
2025-10-28 14:33:53.202 DEBUG [main] o.f.c.i.r.ResourceNameValidator - Validating V18__alter_equipment_add_columns.sql
2025-10-28 14:33:53.202 DEBUG [main] o.f.c.i.r.ResourceNameValidator - Validating V16__create_equipment_categories.sql
2025-10-28 14:33:53.202 DEBUG [main] o.f.c.i.r.ResourceNameValidator - Validating V17__create_inventory_records.sql
2025-10-28 14:33:53.202 DEBUG [main] o.f.c.i.r.ResourceNameValidator - Validating V13__locations_hierarchy.sql
2025-10-28 14:33:53.203 DEBUG [main] o.f.c.i.r.ResourceNameValidator - Validating V14__locations_set_root_level.sql
2025-10-28 14:33:53.203 DEBUG [main] o.f.c.i.r.ResourceNameValidator - Validating V2__operation_logs.sql
2025-10-28 14:33:53.203 DEBUG [main] o.f.c.i.r.ResourceNameValidator - Validating V6__placement_logs.sql
2025-10-28 14:33:53.203 DEBUG [main] o.f.c.i.r.ResourceNameValidator - Validating V8__scrap_records.sql
2025-10-28 14:33:53.203 DEBUG [main] o.f.c.i.r.ResourceNameValidator - Validating V12__users_and_roles.sql
2025-10-28 14:33:53.204 DEBUG [main] o.f.c.i.r.ResourceNameValidator - Validating V22__create_equipment_transfers.sql
2025-10-28 14:33:53.204 DEBUG [main] o.f.c.i.r.ResourceNameValidator - Validating V19__add_foreign_keys_and_indexes.sql
2025-10-28 14:33:53.204 DEBUG [main] o.f.c.i.r.ResourceNameValidator - Validating V5__borrow_records.sql
2025-10-28 14:33:53.204 DEBUG [main] o.f.c.i.r.ResourceNameValidator - Validating V15__create_suppliers.sql
2025-10-28 14:33:53.205 DEBUG [main] o.f.c.i.r.ResourceNameValidator - Validating V24__repair_missing_transfers_table.sql
2025-10-28 14:33:53.205 DEBUG [main] o.f.c.i.r.ResourceNameValidator - Validating V11__ensure_utf8mb4_all.sql
2025-10-28 14:33:53.207 DEBUG [main] org.flywaydb.core.FlywayExecutor - DDL Transactions Supported: false
2025-10-28 14:33:53.208 DEBUG [main] o.f.c.i.s.SchemaHistoryFactory - Schemas: gdzc
2025-10-28 14:33:53.208 DEBUG [main] o.f.c.i.s.SchemaHistoryFactory - Default schema: null
2025-10-28 14:33:53.212 DEBUG [main] org.flywaydb.core.FlywayExecutor - Scanning for script callbacks ...
2025-10-28 14:33:53.213 DEBUG [main] o.f.c.i.c.SqlScriptCallbackFactory - Scanning for SQL callbacks ...
2025-10-28 14:33:53.216 DEBUG [main] o.f.core.internal.command.DbValidate - Validating migrations ...
2025-10-28 14:33:53.218 DEBUG [main] o.f.c.a.c.ClassicConfiguration - CherryPickConfigurationExtension not found
2025-10-28 14:33:53.227 DEBUG [main] o.f.core.internal.scanner.Scanner - Filtering out resource: db/migration/V1__init_locations.sql (filename: V1__init_locations.sql)
2025-10-28 14:33:53.227 DEBUG [main] o.f.core.internal.scanner.Scanner - Filtering out resource: db/migration/V10__fix_charset_logs_locations.sql (filename: V10__fix_charset_logs_locations.sql)
2025-10-28 14:33:53.227 DEBUG [main] o.f.core.internal.scanner.Scanner - Filtering out resource: db/migration/V3__equipment.sql (filename: V3__equipment.sql)
2025-10-28 14:33:53.228 DEBUG [main] o.f.core.internal.scanner.Scanner - Filtering out resource: db/migration/V7__maintenance_records.sql (filename: V7__maintenance_records.sql)
2025-10-28 14:33:53.228 DEBUG [main] o.f.core.internal.scanner.Scanner - Filtering out resource: db/migration/V9__charset_utf8mb4.sql (filename: V9__charset_utf8mb4.sql)
2025-10-28 14:33:53.228 DEBUG [main] o.f.core.internal.scanner.Scanner - Filtering out resource: db/migration/V20__equipment_categories_set_root_level.sql (filename: V20__equipment_categories_set_root_level.sql)
2025-10-28 14:33:53.229 DEBUG [main] o.f.core.internal.scanner.Scanner - Filtering out resource: db/migration/V21__alter_equipment_add_quantity.sql (filename: V21__alter_equipment_add_quantity.sql)
2025-10-28 14:33:53.229 DEBUG [main] o.f.core.internal.scanner.Scanner - Filtering out resource: db/migration/V25__spare_consumables_knowledge.sql (filename: V25__spare_consumables_knowledge.sql)
2025-10-28 14:33:53.229 DEBUG [main] o.f.core.internal.scanner.Scanner - Filtering out resource: db/migration/V4__inventory_records.sql (filename: V4__inventory_records.sql)
2025-10-28 14:33:53.230 DEBUG [main] o.f.core.internal.scanner.Scanner - Filtering out resource: db/migration/V23__inventory_adjust_fields.sql (filename: V23__inventory_adjust_fields.sql)
2025-10-28 14:33:53.230 DEBUG [main] o.f.core.internal.scanner.Scanner - Filtering out resource: db/migration/V18__alter_equipment_add_columns.sql (filename: V18__alter_equipment_add_columns.sql)
2025-10-28 14:33:53.230 DEBUG [main] o.f.core.internal.scanner.Scanner - Filtering out resource: db/migration/V16__create_equipment_categories.sql (filename: V16__create_equipment_categories.sql)
2025-10-28 14:33:53.230 DEBUG [main] o.f.core.internal.scanner.Scanner - Filtering out resource: db/migration/V17__create_inventory_records.sql (filename: V17__create_inventory_records.sql)
2025-10-28 14:33:53.230 DEBUG [main] o.f.core.internal.scanner.Scanner - Filtering out resource: db/migration/V13__locations_hierarchy.sql (filename: V13__locations_hierarchy.sql)
2025-10-28 14:33:53.231 DEBUG [main] o.f.core.internal.scanner.Scanner - Filtering out resource: db/migration/V14__locations_set_root_level.sql (filename: V14__locations_set_root_level.sql)
2025-10-28 14:33:53.231 DEBUG [main] o.f.core.internal.scanner.Scanner - Filtering out resource: db/migration/V2__operation_logs.sql (filename: V2__operation_logs.sql)
2025-10-28 14:33:53.231 DEBUG [main] o.f.core.internal.scanner.Scanner - Filtering out resource: db/migration/V6__placement_logs.sql (filename: V6__placement_logs.sql)
2025-10-28 14:33:53.231 DEBUG [main] o.f.core.internal.scanner.Scanner - Filtering out resource: db/migration/V8__scrap_records.sql (filename: V8__scrap_records.sql)
2025-10-28 14:33:53.232 DEBUG [main] o.f.core.internal.scanner.Scanner - Filtering out resource: db/migration/V12__users_and_roles.sql (filename: V12__users_and_roles.sql)
2025-10-28 14:33:53.232 DEBUG [main] o.f.core.internal.scanner.Scanner - Filtering out resource: db/migration/V22__create_equipment_transfers.sql (filename: V22__create_equipment_transfers.sql)
2025-10-28 14:33:53.232 DEBUG [main] o.f.core.internal.scanner.Scanner - Filtering out resource: db/migration/V19__add_foreign_keys_and_indexes.sql (filename: V19__add_foreign_keys_and_indexes.sql)
2025-10-28 14:33:53.232 DEBUG [main] o.f.core.internal.scanner.Scanner - Filtering out resource: db/migration/V5__borrow_records.sql (filename: V5__borrow_records.sql)
2025-10-28 14:33:53.233 DEBUG [main] o.f.core.internal.scanner.Scanner - Filtering out resource: db/migration/V15__create_suppliers.sql (filename: V15__create_suppliers.sql)
2025-10-28 14:33:53.233 DEBUG [main] o.f.core.internal.scanner.Scanner - Filtering out resource: db/migration/V24__repair_missing_transfers_table.sql (filename: V24__repair_missing_transfers_table.sql)
2025-10-28 14:33:53.233 DEBUG [main] o.f.core.internal.scanner.Scanner - Filtering out resource: db/migration/V11__ensure_utf8mb4_all.sql (filename: V11__ensure_utf8mb4_all.sql)
2025-10-28 14:33:53.234 DEBUG [main] o.f.core.internal.scanner.Scanner - Filtering out resource: db/migration/V1__init_locations.sql (filename: V1__init_locations.sql)
2025-10-28 14:33:53.234 DEBUG [main] o.f.core.internal.scanner.Scanner - Filtering out resource: db/migration/V10__fix_charset_logs_locations.sql (filename: V10__fix_charset_logs_locations.sql)
2025-10-28 14:33:53.234 DEBUG [main] o.f.core.internal.scanner.Scanner - Filtering out resource: db/migration/V3__equipment.sql (filename: V3__equipment.sql)
2025-10-28 14:33:53.234 DEBUG [main] o.f.core.internal.scanner.Scanner - Filtering out resource: db/migration/V7__maintenance_records.sql (filename: V7__maintenance_records.sql)
2025-10-28 14:33:53.235 DEBUG [main] o.f.core.internal.scanner.Scanner - Filtering out resource: db/migration/V9__charset_utf8mb4.sql (filename: V9__charset_utf8mb4.sql)
2025-10-28 14:33:53.235 DEBUG [main] o.f.core.internal.scanner.Scanner - Filtering out resource: db/migration/V20__equipment_categories_set_root_level.sql (filename: V20__equipment_categories_set_root_level.sql)
2025-10-28 14:33:53.235 DEBUG [main] o.f.core.internal.scanner.Scanner - Filtering out resource: db/migration/V21__alter_equipment_add_quantity.sql (filename: V21__alter_equipment_add_quantity.sql)
2025-10-28 14:33:53.235 DEBUG [main] o.f.core.internal.scanner.Scanner - Filtering out resource: db/migration/V25__spare_consumables_knowledge.sql (filename: V25__spare_consumables_knowledge.sql)
2025-10-28 14:33:53.235 DEBUG [main] o.f.core.internal.scanner.Scanner - Filtering out resource: db/migration/V4__inventory_records.sql (filename: V4__inventory_records.sql)
2025-10-28 14:33:53.235 DEBUG [main] o.f.core.internal.scanner.Scanner - Filtering out resource: db/migration/V23__inventory_adjust_fields.sql (filename: V23__inventory_adjust_fields.sql)
2025-10-28 14:33:53.236 DEBUG [main] o.f.core.internal.scanner.Scanner - Filtering out resource: db/migration/V18__alter_equipment_add_columns.sql (filename: V18__alter_equipment_add_columns.sql)
2025-10-28 14:33:53.236 DEBUG [main] o.f.core.internal.scanner.Scanner - Filtering out resource: db/migration/V16__create_equipment_categories.sql (filename: V16__create_equipment_categories.sql)
2025-10-28 14:33:53.236 DEBUG [main] o.f.core.internal.scanner.Scanner - Filtering out resource: db/migration/V17__create_inventory_records.sql (filename: V17__create_inventory_records.sql)
2025-10-28 14:33:53.236 DEBUG [main] o.f.core.internal.scanner.Scanner - Filtering out resource: db/migration/V13__locations_hierarchy.sql (filename: V13__locations_hierarchy.sql)
2025-10-28 14:33:53.236 DEBUG [main] o.f.core.internal.scanner.Scanner - Filtering out resource: db/migration/V14__locations_set_root_level.sql (filename: V14__locations_set_root_level.sql)
2025-10-28 14:33:53.237 DEBUG [main] o.f.core.internal.scanner.Scanner - Filtering out resource: db/migration/V2__operation_logs.sql (filename: V2__operation_logs.sql)
2025-10-28 14:33:53.237 DEBUG [main] o.f.core.internal.scanner.Scanner - Filtering out resource: db/migration/V6__placement_logs.sql (filename: V6__placement_logs.sql)
2025-10-28 14:33:53.237 DEBUG [main] o.f.core.internal.scanner.Scanner - Filtering out resource: db/migration/V8__scrap_records.sql (filename: V8__scrap_records.sql)
2025-10-28 14:33:53.237 DEBUG [main] o.f.core.internal.scanner.Scanner - Filtering out resource: db/migration/V12__users_and_roles.sql (filename: V12__users_and_roles.sql)
2025-10-28 14:33:53.237 DEBUG [main] o.f.core.internal.scanner.Scanner - Filtering out resource: db/migration/V22__create_equipment_transfers.sql (filename: V22__create_equipment_transfers.sql)
2025-10-28 14:33:53.237 DEBUG [main] o.f.core.internal.scanner.Scanner - Filtering out resource: db/migration/V19__add_foreign_keys_and_indexes.sql (filename: V19__add_foreign_keys_and_indexes.sql)
2025-10-28 14:33:53.238 DEBUG [main] o.f.core.internal.scanner.Scanner - Filtering out resource: db/migration/V5__borrow_records.sql (filename: V5__borrow_records.sql)
2025-10-28 14:33:53.238 DEBUG [main] o.f.core.internal.scanner.Scanner - Filtering out resource: db/migration/V15__create_suppliers.sql (filename: V15__create_suppliers.sql)
2025-10-28 14:33:53.238 DEBUG [main] o.f.core.internal.scanner.Scanner - Filtering out resource: db/migration/V24__repair_missing_transfers_table.sql (filename: V24__repair_missing_transfers_table.sql)
2025-10-28 14:33:53.238 DEBUG [main] o.f.core.internal.scanner.Scanner - Filtering out resource: db/migration/V11__ensure_utf8mb4_all.sql (filename: V11__ensure_utf8mb4_all.sql)
2025-10-28 14:33:53.239 DEBUG [main] o.f.core.internal.scanner.Scanner - Filtering out resource: db/migration/V1__init_locations.sql (filename: V1__init_locations.sql)
2025-10-28 14:33:53.239 DEBUG [main] o.f.core.internal.scanner.Scanner - Filtering out resource: db/migration/V10__fix_charset_logs_locations.sql (filename: V10__fix_charset_logs_locations.sql)
2025-10-28 14:33:53.240 DEBUG [main] o.f.core.internal.scanner.Scanner - Filtering out resource: db/migration/V3__equipment.sql (filename: V3__equipment.sql)
2025-10-28 14:33:53.240 DEBUG [main] o.f.core.internal.scanner.Scanner - Filtering out resource: db/migration/V7__maintenance_records.sql (filename: V7__maintenance_records.sql)
2025-10-28 14:33:53.240 DEBUG [main] o.f.core.internal.scanner.Scanner - Filtering out resource: db/migration/V9__charset_utf8mb4.sql (filename: V9__charset_utf8mb4.sql)
2025-10-28 14:33:53.240 DEBUG [main] o.f.core.internal.scanner.Scanner - Filtering out resource: db/migration/V20__equipment_categories_set_root_level.sql (filename: V20__equipment_categories_set_root_level.sql)
2025-10-28 14:33:53.240 DEBUG [main] o.f.core.internal.scanner.Scanner - Filtering out resource: db/migration/V21__alter_equipment_add_quantity.sql (filename: V21__alter_equipment_add_quantity.sql)
2025-10-28 14:33:53.241 DEBUG [main] o.f.core.internal.scanner.Scanner - Filtering out resource: db/migration/V25__spare_consumables_knowledge.sql (filename: V25__spare_consumables_knowledge.sql)
2025-10-28 14:33:53.241 DEBUG [main] o.f.core.internal.scanner.Scanner - Filtering out resource: db/migration/V4__inventory_records.sql (filename: V4__inventory_records.sql)
2025-10-28 14:33:53.241 DEBUG [main] o.f.core.internal.scanner.Scanner - Filtering out resource: db/migration/V23__inventory_adjust_fields.sql (filename: V23__inventory_adjust_fields.sql)
2025-10-28 14:33:53.241 DEBUG [main] o.f.core.internal.scanner.Scanner - Filtering out resource: db/migration/V18__alter_equipment_add_columns.sql (filename: V18__alter_equipment_add_columns.sql)
2025-10-28 14:33:53.241 DEBUG [main] o.f.core.internal.scanner.Scanner - Filtering out resource: db/migration/V16__create_equipment_categories.sql (filename: V16__create_equipment_categories.sql)
2025-10-28 14:33:53.242 DEBUG [main] o.f.core.internal.scanner.Scanner - Filtering out resource: db/migration/V17__create_inventory_records.sql (filename: V17__create_inventory_records.sql)
2025-10-28 14:33:53.242 DEBUG [main] o.f.core.internal.scanner.Scanner - Filtering out resource: db/migration/V13__locations_hierarchy.sql (filename: V13__locations_hierarchy.sql)
2025-10-28 14:33:53.242 DEBUG [main] o.f.core.internal.scanner.Scanner - Filtering out resource: db/migration/V14__locations_set_root_level.sql (filename: V14__locations_set_root_level.sql)
2025-10-28 14:33:53.242 DEBUG [main] o.f.core.internal.scanner.Scanner - Filtering out resource: db/migration/V2__operation_logs.sql (filename: V2__operation_logs.sql)
2025-10-28 14:33:53.243 DEBUG [main] o.f.core.internal.scanner.Scanner - Filtering out resource: db/migration/V6__placement_logs.sql (filename: V6__placement_logs.sql)
2025-10-28 14:33:53.243 DEBUG [main] o.f.core.internal.scanner.Scanner - Filtering out resource: db/migration/V8__scrap_records.sql (filename: V8__scrap_records.sql)
2025-10-28 14:33:53.243 DEBUG [main] o.f.core.internal.scanner.Scanner - Filtering out resource: db/migration/V12__users_and_roles.sql (filename: V12__users_and_roles.sql)
2025-10-28 14:33:53.243 DEBUG [main] o.f.core.internal.scanner.Scanner - Filtering out resource: db/migration/V22__create_equipment_transfers.sql (filename: V22__create_equipment_transfers.sql)
2025-10-28 14:33:53.243 DEBUG [main] o.f.core.internal.scanner.Scanner - Filtering out resource: db/migration/V19__add_foreign_keys_and_indexes.sql (filename: V19__add_foreign_keys_and_indexes.sql)
2025-10-28 14:33:53.244 DEBUG [main] o.f.core.internal.scanner.Scanner - Filtering out resource: db/migration/V5__borrow_records.sql (filename: V5__borrow_records.sql)
2025-10-28 14:33:53.244 DEBUG [main] o.f.core.internal.scanner.Scanner - Filtering out resource: db/migration/V15__create_suppliers.sql (filename: V15__create_suppliers.sql)
2025-10-28 14:33:53.244 DEBUG [main] o.f.core.internal.scanner.Scanner - Filtering out resource: db/migration/V24__repair_missing_transfers_table.sql (filename: V24__repair_missing_transfers_table.sql)
2025-10-28 14:33:53.244 DEBUG [main] o.f.core.internal.scanner.Scanner - Filtering out resource: db/migration/V11__ensure_utf8mb4_all.sql (filename: V11__ensure_utf8mb4_all.sql)
2025-10-28 14:33:53.245 DEBUG [main] o.f.core.internal.scanner.Scanner - Filtering out resource: db/migration/V1__init_locations.sql (filename: V1__init_locations.sql)
2025-10-28 14:33:53.245 DEBUG [main] o.f.core.internal.scanner.Scanner - Filtering out resource: db/migration/V10__fix_charset_logs_locations.sql (filename: V10__fix_charset_logs_locations.sql)
2025-10-28 14:33:53.245 DEBUG [main] o.f.core.internal.scanner.Scanner - Filtering out resource: db/migration/V3__equipment.sql (filename: V3__equipment.sql)
2025-10-28 14:33:53.245 DEBUG [main] o.f.core.internal.scanner.Scanner - Filtering out resource: db/migration/V7__maintenance_records.sql (filename: V7__maintenance_records.sql)
2025-10-28 14:33:53.245 DEBUG [main] o.f.core.internal.scanner.Scanner - Filtering out resource: db/migration/V9__charset_utf8mb4.sql (filename: V9__charset_utf8mb4.sql)
2025-10-28 14:33:53.246 DEBUG [main] o.f.core.internal.scanner.Scanner - Filtering out resource: db/migration/V20__equipment_categories_set_root_level.sql (filename: V20__equipment_categories_set_root_level.sql)
2025-10-28 14:33:53.246 DEBUG [main] o.f.core.internal.scanner.Scanner - Filtering out resource: db/migration/V21__alter_equipment_add_quantity.sql (filename: V21__alter_equipment_add_quantity.sql)
2025-10-28 14:33:53.246 DEBUG [main] o.f.core.internal.scanner.Scanner - Filtering out resource: db/migration/V25__spare_consumables_knowledge.sql (filename: V25__spare_consumables_knowledge.sql)
2025-10-28 14:33:53.246 DEBUG [main] o.f.core.internal.scanner.Scanner - Filtering out resource: db/migration/V4__inventory_records.sql (filename: V4__inventory_records.sql)
2025-10-28 14:33:53.246 DEBUG [main] o.f.core.internal.scanner.Scanner - Filtering out resource: db/migration/V23__inventory_adjust_fields.sql (filename: V23__inventory_adjust_fields.sql)
2025-10-28 14:33:53.247 DEBUG [main] o.f.core.internal.scanner.Scanner - Filtering out resource: db/migration/V18__alter_equipment_add_columns.sql (filename: V18__alter_equipment_add_columns.sql)
2025-10-28 14:33:53.247 DEBUG [main] o.f.core.internal.scanner.Scanner - Filtering out resource: db/migration/V16__create_equipment_categories.sql (filename: V16__create_equipment_categories.sql)
2025-10-28 14:33:53.247 DEBUG [main] o.f.core.internal.scanner.Scanner - Filtering out resource: db/migration/V17__create_inventory_records.sql (filename: V17__create_inventory_records.sql)
2025-10-28 14:33:53.247 DEBUG [main] o.f.core.internal.scanner.Scanner - Filtering out resource: db/migration/V13__locations_hierarchy.sql (filename: V13__locations_hierarchy.sql)
2025-10-28 14:33:53.247 DEBUG [main] o.f.core.internal.scanner.Scanner - Filtering out resource: db/migration/V14__locations_set_root_level.sql (filename: V14__locations_set_root_level.sql)
2025-10-28 14:33:53.248 DEBUG [main] o.f.core.internal.scanner.Scanner - Filtering out resource: db/migration/V2__operation_logs.sql (filename: V2__operation_logs.sql)
2025-10-28 14:33:53.248 DEBUG [main] o.f.core.internal.scanner.Scanner - Filtering out resource: db/migration/V6__placement_logs.sql (filename: V6__placement_logs.sql)
2025-10-28 14:33:53.248 DEBUG [main] o.f.core.internal.scanner.Scanner - Filtering out resource: db/migration/V8__scrap_records.sql (filename: V8__scrap_records.sql)
2025-10-28 14:33:53.248 DEBUG [main] o.f.core.internal.scanner.Scanner - Filtering out resource: db/migration/V12__users_and_roles.sql (filename: V12__users_and_roles.sql)
2025-10-28 14:33:53.249 DEBUG [main] o.f.core.internal.scanner.Scanner - Filtering out resource: db/migration/V22__create_equipment_transfers.sql (filename: V22__create_equipment_transfers.sql)
2025-10-28 14:33:53.249 DEBUG [main] o.f.core.internal.scanner.Scanner - Filtering out resource: db/migration/V19__add_foreign_keys_and_indexes.sql (filename: V19__add_foreign_keys_and_indexes.sql)
2025-10-28 14:33:53.249 DEBUG [main] o.f.core.internal.scanner.Scanner - Filtering out resource: db/migration/V5__borrow_records.sql (filename: V5__borrow_records.sql)
2025-10-28 14:33:53.249 DEBUG [main] o.f.core.internal.scanner.Scanner - Filtering out resource: db/migration/V15__create_suppliers.sql (filename: V15__create_suppliers.sql)
2025-10-28 14:33:53.249 DEBUG [main] o.f.core.internal.scanner.Scanner - Filtering out resource: db/migration/V24__repair_missing_transfers_table.sql (filename: V24__repair_missing_transfers_table.sql)
2025-10-28 14:33:53.250 DEBUG [main] o.f.core.internal.scanner.Scanner - Filtering out resource: db/migration/V11__ensure_utf8mb4_all.sql (filename: V11__ensure_utf8mb4_all.sql)
2025-10-28 14:33:53.260 INFO  [main] o.f.core.internal.command.DbValidate - Successfully validated 25 migrations (execution time 00:00.042s)
2025-10-28 14:33:53.263 DEBUG [main] o.f.core.internal.command.DbSchemas - Skipping creation of existing schema: `gdzc`
2025-10-28 14:33:53.271 DEBUG [main] o.f.c.a.c.ClassicConfiguration - CherryPickConfigurationExtension not found
2025-10-28 14:33:53.274 INFO  [main] o.f.core.internal.command.DbMigrate - Current version of schema `gdzc`: 25
2025-10-28 14:33:53.279 INFO  [main] o.f.core.internal.command.DbMigrate - Schema `gdzc` is up to date. No migration necessary.
2025-10-28 14:33:53.281 DEBUG [main] org.flywaydb.core.FlywayExecutor - Memory usage: 58 of 82M
2025-10-28 14:33:53.351 INFO  [main] o.h.jpa.internal.util.LogHelper - HHH000204: Processing PersistenceUnitInfo [name: default]
2025-10-28 14:33:53.416 INFO  [main] org.hibernate.Version - HHH000412: Hibernate ORM core version 6.6.29.Final
2025-10-28 14:33:53.453 INFO  [main] o.h.c.i.RegionFactoryInitiator - HHH000026: Second-level cache disabled
2025-10-28 14:33:53.737 INFO  [main] o.s.o.j.p.SpringPersistenceUnitInfo - No LoadTimeWeaver setup: ignoring JPA class transformer
2025-10-28 14:33:53.766 DEBUG [main] com.zaxxer.hikari.HikariConfig - HikariPool-1 - configuration:
2025-10-28 14:33:53.768 DEBUG [main] com.zaxxer.hikari.HikariConfig - allowPoolSuspension.............false
2025-10-28 14:33:53.768 DEBUG [main] com.zaxxer.hikari.HikariConfig - autoCommit......................true
2025-10-28 14:33:53.768 DEBUG [main] com.zaxxer.hikari.HikariConfig - catalog.........................none
2025-10-28 14:33:53.768 DEBUG [main] com.zaxxer.hikari.HikariConfig - connectionInitSql...............none
2025-10-28 14:33:53.769 DEBUG [main] com.zaxxer.hikari.HikariConfig - connectionTestQuery.............none
2025-10-28 14:33:53.770 DEBUG [main] com.zaxxer.hikari.HikariConfig - connectionTimeout...............30000
2025-10-28 14:33:53.770 DEBUG [main] com.zaxxer.hikari.HikariConfig - credentials.....................com.zaxxer.hikari.util.Credentials@4b9ed99d
2025-10-28 14:33:53.770 DEBUG [main] com.zaxxer.hikari.HikariConfig - dataSource......................none
2025-10-28 14:33:53.770 DEBUG [main] com.zaxxer.hikari.HikariConfig - dataSourceClassName.............none
2025-10-28 14:33:53.771 DEBUG [main] com.zaxxer.hikari.HikariConfig - dataSourceJNDI..................none
2025-10-28 14:33:53.771 DEBUG [main] com.zaxxer.hikari.HikariConfig - dataSourceProperties............{password=<masked>}
2025-10-28 14:33:53.771 DEBUG [main] com.zaxxer.hikari.HikariConfig - driverClassName................."com.mysql.cj.jdbc.Driver"
2025-10-28 14:33:53.772 DEBUG [main] com.zaxxer.hikari.HikariConfig - exceptionOverride...............none
2025-10-28 14:33:53.772 DEBUG [main] com.zaxxer.hikari.HikariConfig - exceptionOverrideClassName......none
2025-10-28 14:33:53.772 DEBUG [main] com.zaxxer.hikari.HikariConfig - healthCheckProperties...........{}
2025-10-28 14:33:53.772 DEBUG [main] com.zaxxer.hikari.HikariConfig - healthCheckRegistry.............none
2025-10-28 14:33:53.772 DEBUG [main] com.zaxxer.hikari.HikariConfig - idleTimeout.....................600000
2025-10-28 14:33:53.773 DEBUG [main] com.zaxxer.hikari.HikariConfig - initializationFailTimeout.......1
2025-10-28 14:33:53.773 DEBUG [main] com.zaxxer.hikari.HikariConfig - isolateInternalQueries..........false
2025-10-28 14:33:53.773 DEBUG [main] com.zaxxer.hikari.HikariConfig - jdbcUrl.........................jdbc:mysql://127.0.0.1:3306/gdzc?useSSL=false&allowPublicKeyRetrieval=true&serverTimezone=Asia/Shanghai&useUnicode=true&characterEncoding=utf8
2025-10-28 14:33:53.774 DEBUG [main] com.zaxxer.hikari.HikariConfig - keepaliveTime...................120000
2025-10-28 14:33:53.774 DEBUG [main] com.zaxxer.hikari.HikariConfig - leakDetectionThreshold..........0
2025-10-28 14:33:53.775 DEBUG [main] com.zaxxer.hikari.HikariConfig - maxLifetime.....................1800000
2025-10-28 14:33:53.775 DEBUG [main] com.zaxxer.hikari.HikariConfig - maximumPoolSize.................10
2025-10-28 14:33:53.775 DEBUG [main] com.zaxxer.hikari.HikariConfig - metricRegistry..................none
2025-10-28 14:33:53.775 DEBUG [main] com.zaxxer.hikari.HikariConfig - metricsTrackerFactory...........none
2025-10-28 14:33:53.776 DEBUG [main] com.zaxxer.hikari.HikariConfig - minimumIdle.....................10
2025-10-28 14:33:53.776 DEBUG [main] com.zaxxer.hikari.HikariConfig - password........................<masked>
2025-10-28 14:33:53.776 DEBUG [main] com.zaxxer.hikari.HikariConfig - poolName........................"HikariPool-1"
2025-10-28 14:33:53.776 DEBUG [main] com.zaxxer.hikari.HikariConfig - readOnly........................false
2025-10-28 14:33:53.777 DEBUG [main] com.zaxxer.hikari.HikariConfig - registerMbeans..................false
2025-10-28 14:33:53.777 DEBUG [main] com.zaxxer.hikari.HikariConfig - scheduledExecutor...............none
2025-10-28 14:33:53.777 DEBUG [main] com.zaxxer.hikari.HikariConfig - schema..........................none
2025-10-28 14:33:53.777 DEBUG [main] com.zaxxer.hikari.HikariConfig - threadFactory...................internal
2025-10-28 14:33:53.777 DEBUG [main] com.zaxxer.hikari.HikariConfig - transactionIsolation............default
2025-10-28 14:33:53.778 DEBUG [main] com.zaxxer.hikari.HikariConfig - username........................"root"
2025-10-28 14:33:53.778 DEBUG [main] com.zaxxer.hikari.HikariConfig - validationTimeout...............5000
2025-10-28 14:33:53.778 INFO  [main] com.zaxxer.hikari.HikariDataSource - HikariPool-1 - Starting...
2025-10-28 14:33:53.786 DEBUG [main] com.zaxxer.hikari.pool.PoolBase - HikariPool-1 - Attempting to create/setup new connection (48876733-e40f-43b9-bf06-5151e3371b97)
2025-10-28 14:33:53.790 DEBUG [main] com.zaxxer.hikari.pool.PoolBase - HikariPool-1 - Established new connection (48876733-e40f-43b9-bf06-5151e3371b97)
2025-10-28 14:33:53.791 INFO  [main] com.zaxxer.hikari.pool.HikariPool - HikariPool-1 - Added connection com.mysql.cj.jdbc.ConnectionImpl@65259737
2025-10-28 14:33:53.793 INFO  [main] com.zaxxer.hikari.HikariDataSource - HikariPool-1 - Start completed.
2025-10-28 14:33:53.825 WARN  [main] org.hibernate.orm.deprecation - HHH90000025: MySQL8Dialect does not need to be specified explicitly using 'hibernate.dialect' (remove the property setting and it will be selected by default)
2025-10-28 14:33:53.827 WARN  [main] org.hibernate.orm.deprecation - HHH90000026: MySQL8Dialect has been deprecated; use org.hibernate.dialect.MySQLDialect instead
2025-10-28 14:33:53.843 INFO  [main] o.hibernate.orm.connections.pooling - HHH10001005: Database info:
	Database JDBC URL [Connecting through datasource 'HikariDataSource (HikariPool-1)']
	Database driver: undefined/unknown
	Database version: 8.0
	Autocommit mode: undefined/unknown
	Isolation level: undefined/unknown
	Minimum pool size: undefined/unknown
	Maximum pool size: undefined/unknown
2025-10-28 14:33:53.895 DEBUG [HikariPool-1:housekeeper] com.zaxxer.hikari.pool.HikariPool - HikariPool-1 - Pool stats (total=1/10, idle=1/10, active=0, waiting=0)
2025-10-28 14:33:53.896 DEBUG [HikariPool-1:connection-adder] com.zaxxer.hikari.pool.PoolBase - HikariPool-1 - Attempting to create/setup new connection (2133aba8-8b66-4f6c-9fbb-25e50314e691)
2025-10-28 14:33:53.899 DEBUG [HikariPool-1:connection-adder] com.zaxxer.hikari.pool.PoolBase - HikariPool-1 - Established new connection (2133aba8-8b66-4f6c-9fbb-25e50314e691)
2025-10-28 14:33:53.899 DEBUG [HikariPool-1:connection-adder] com.zaxxer.hikari.pool.HikariPool - HikariPool-1 - Added connection com.mysql.cj.jdbc.ConnectionImpl@7cfc5cd5
2025-10-28 14:33:53.931 DEBUG [HikariPool-1:connection-adder] com.zaxxer.hikari.pool.HikariPool - HikariPool-1 - After adding stats (total=2/10, idle=2/10, active=0, waiting=0)
2025-10-28 14:33:53.931 DEBUG [HikariPool-1:connection-adder] com.zaxxer.hikari.pool.PoolBase - HikariPool-1 - Attempting to create/setup new connection (1cda3f48-9d06-4852-b649-20e93cd09108)
2025-10-28 14:33:53.935 DEBUG [HikariPool-1:connection-adder] com.zaxxer.hikari.pool.PoolBase - HikariPool-1 - Established new connection (1cda3f48-9d06-4852-b649-20e93cd09108)
2025-10-28 14:33:53.935 DEBUG [HikariPool-1:connection-adder] com.zaxxer.hikari.pool.HikariPool - HikariPool-1 - Added connection com.mysql.cj.jdbc.ConnectionImpl@3dc156ee
2025-10-28 14:33:53.966 DEBUG [HikariPool-1:connection-adder] com.zaxxer.hikari.pool.HikariPool - HikariPool-1 - After adding stats (total=3/10, idle=3/10, active=0, waiting=0)
2025-10-28 14:33:53.966 DEBUG [HikariPool-1:connection-adder] com.zaxxer.hikari.pool.PoolBase - HikariPool-1 - Attempting to create/setup new connection (77a3a99e-daba-4744-a5e9-5cc2e24e40d8)
2025-10-28 14:33:53.970 DEBUG [HikariPool-1:connection-adder] com.zaxxer.hikari.pool.PoolBase - HikariPool-1 - Established new connection (77a3a99e-daba-4744-a5e9-5cc2e24e40d8)
2025-10-28 14:33:53.970 DEBUG [HikariPool-1:connection-adder] com.zaxxer.hikari.pool.HikariPool - HikariPool-1 - Added connection com.mysql.cj.jdbc.ConnectionImpl@cb6cd7f
2025-10-28 14:33:54.001 DEBUG [HikariPool-1:connection-adder] com.zaxxer.hikari.pool.HikariPool - HikariPool-1 - After adding stats (total=4/10, idle=4/10, active=0, waiting=0)
2025-10-28 14:33:54.001 DEBUG [HikariPool-1:connection-adder] com.zaxxer.hikari.pool.PoolBase - HikariPool-1 - Attempting to create/setup new connection (325c43fa-3781-4899-bcb5-9559662adb38)
2025-10-28 14:33:54.005 DEBUG [HikariPool-1:connection-adder] com.zaxxer.hikari.pool.PoolBase - HikariPool-1 - Established new connection (325c43fa-3781-4899-bcb5-9559662adb38)
2025-10-28 14:33:54.005 DEBUG [HikariPool-1:connection-adder] com.zaxxer.hikari.pool.HikariPool - HikariPool-1 - Added connection com.mysql.cj.jdbc.ConnectionImpl@5deea9a1
2025-10-28 14:33:54.037 DEBUG [HikariPool-1:connection-adder] com.zaxxer.hikari.pool.HikariPool - HikariPool-1 - After adding stats (total=5/10, idle=5/10, active=0, waiting=0)
2025-10-28 14:33:54.037 DEBUG [HikariPool-1:connection-adder] com.zaxxer.hikari.pool.PoolBase - HikariPool-1 - Attempting to create/setup new connection (00902eb6-5302-488c-b067-ced7f5eaa455)
2025-10-28 14:33:54.041 DEBUG [HikariPool-1:connection-adder] com.zaxxer.hikari.pool.PoolBase - HikariPool-1 - Established new connection (00902eb6-5302-488c-b067-ced7f5eaa455)
2025-10-28 14:33:54.041 DEBUG [HikariPool-1:connection-adder] com.zaxxer.hikari.pool.HikariPool - HikariPool-1 - Added connection com.mysql.cj.jdbc.ConnectionImpl@64b08a65
2025-10-28 14:33:54.074 DEBUG [HikariPool-1:connection-adder] com.zaxxer.hikari.pool.HikariPool - HikariPool-1 - After adding stats (total=6/10, idle=6/10, active=0, waiting=0)
2025-10-28 14:33:54.074 DEBUG [HikariPool-1:connection-adder] com.zaxxer.hikari.pool.PoolBase - HikariPool-1 - Attempting to create/setup new connection (694bc2a5-0744-4324-8d89-502680e8ffb5)
2025-10-28 14:33:54.082 DEBUG [HikariPool-1:connection-adder] com.zaxxer.hikari.pool.PoolBase - HikariPool-1 - Established new connection (694bc2a5-0744-4324-8d89-502680e8ffb5)
2025-10-28 14:33:54.082 DEBUG [HikariPool-1:connection-adder] com.zaxxer.hikari.pool.HikariPool - HikariPool-1 - Added connection com.mysql.cj.jdbc.ConnectionImpl@59a010fe
2025-10-28 14:33:54.113 DEBUG [HikariPool-1:connection-adder] com.zaxxer.hikari.pool.HikariPool - HikariPool-1 - After adding stats (total=7/10, idle=7/10, active=0, waiting=0)
2025-10-28 14:33:54.113 DEBUG [HikariPool-1:connection-adder] com.zaxxer.hikari.pool.PoolBase - HikariPool-1 - Attempting to create/setup new connection (f6d29553-5766-4940-8579-f9f897139823)
2025-10-28 14:33:54.116 DEBUG [HikariPool-1:connection-adder] com.zaxxer.hikari.pool.PoolBase - HikariPool-1 - Established new connection (f6d29553-5766-4940-8579-f9f897139823)
2025-10-28 14:33:54.117 DEBUG [HikariPool-1:connection-adder] com.zaxxer.hikari.pool.HikariPool - HikariPool-1 - Added connection com.mysql.cj.jdbc.ConnectionImpl@5c5e1422
2025-10-28 14:33:54.148 DEBUG [HikariPool-1:connection-adder] com.zaxxer.hikari.pool.HikariPool - HikariPool-1 - After adding stats (total=8/10, idle=8/10, active=0, waiting=0)
2025-10-28 14:33:54.148 DEBUG [HikariPool-1:connection-adder] com.zaxxer.hikari.pool.PoolBase - HikariPool-1 - Attempting to create/setup new connection (a114f27e-1a5a-4a22-9338-d8fe345f968c)
2025-10-28 14:33:54.151 DEBUG [HikariPool-1:connection-adder] com.zaxxer.hikari.pool.PoolBase - HikariPool-1 - Established new connection (a114f27e-1a5a-4a22-9338-d8fe345f968c)
2025-10-28 14:33:54.151 DEBUG [HikariPool-1:connection-adder] com.zaxxer.hikari.pool.HikariPool - HikariPool-1 - Added connection com.mysql.cj.jdbc.ConnectionImpl@2c445f8f
2025-10-28 14:33:54.183 DEBUG [HikariPool-1:connection-adder] com.zaxxer.hikari.pool.HikariPool - HikariPool-1 - After adding stats (total=9/10, idle=9/10, active=0, waiting=0)
2025-10-28 14:33:54.183 DEBUG [HikariPool-1:connection-adder] com.zaxxer.hikari.pool.PoolBase - HikariPool-1 - Attempting to create/setup new connection (c9d80f51-2ab8-45e8-a7b1-42366e9fb44b)
2025-10-28 14:33:54.186 DEBUG [HikariPool-1:connection-adder] com.zaxxer.hikari.pool.PoolBase - HikariPool-1 - Established new connection (c9d80f51-2ab8-45e8-a7b1-42366e9fb44b)
2025-10-28 14:33:54.186 DEBUG [HikariPool-1:connection-adder] com.zaxxer.hikari.pool.HikariPool - HikariPool-1 - Added connection com.mysql.cj.jdbc.ConnectionImpl@560fd236
2025-10-28 14:33:54.217 DEBUG [HikariPool-1:connection-adder] com.zaxxer.hikari.pool.HikariPool - HikariPool-1 - After adding stats (total=10/10, idle=10/10, active=0, waiting=0)
2025-10-28 14:33:55.063 INFO  [main] o.h.e.t.j.p.i.JtaPlatformInitiator - HHH000489: No JTA platform available (set 'hibernate.transaction.jta.platform' to enable JTA platform integration)
2025-10-28 14:33:55.067 INFO  [main] o.s.o.j.LocalContainerEntityManagerFactoryBean - Initialized JPA EntityManagerFactory for persistence unit 'default'
2025-10-28 14:33:55.415 INFO  [main] o.s.d.j.r.query.QueryEnhancerFactory - Hibernate is in classpath; If applicable, HQL parser will be used.
2025-10-28 14:33:56.436 INFO  [main] o.s.s.c.a.a.c.InitializeUserDetailsBeanManagerConfigurer$InitializeUserDetailsManagerConfigurer - Global AuthenticationManager configured with UserDetailsService bean with name dbUserDetailsService
2025-10-28 14:33:56.588 TRACE [main] o.s.w.s.m.m.a.RequestMappingHandlerMapping - 
	c.e.g.c.AdminUserController:
	{PUT [/api/admin/users/{id}]}: update(Long,UpdateUserRequest)
	{GET [/api/admin/users]}: list()
	{POST [/api/admin/users]}: create(CreateUserRequest)
	{DELETE [/api/admin/users/{id}]}: delete(Long)
	{GET [/api/admin/users/page]}: page(int,int)
2025-10-28 14:33:56.597 TRACE [main] o.s.w.s.m.m.a.RequestMappingHandlerMapping - 
	c.e.g.c.BorrowController:
	{POST [/api/borrows]}: create(BorrowRecord)
	{GET [/api/borrows]}: page(Long,Long,Boolean,LocalDateTime,LocalDateTime,Pageable)
	{GET [/api/borrows/stats]}: stats(LocalDate,LocalDateTime,LocalDateTime)
2025-10-28 14:33:56.599 TRACE [main] o.s.w.s.m.m.a.RequestMappingHandlerMapping - 
	c.e.g.c.ConsumableController:
	{POST [/api/consumables/replacement]}: replacement(Long,Long,Integer,String)
	{GET [/api/consumables/page]}: page(String,Boolean,int,int,String)
2025-10-28 14:33:56.602 TRACE [main] o.s.w.s.m.m.a.RequestMappingHandlerMapping - 
	c.e.g.c.EquipmentCategoryController:
	{GET [/api/equipment-categories/{id}]}: get(Long)
	{PUT [/api/equipment-categories/{id}]}: update(Long,EquipmentCategory)
	{GET [/api/equipment-categories]}: list()
	{POST [/api/equipment-categories]}: create(EquipmentCategory)
	{DELETE [/api/equipment-categories/{id}]}: delete(Long)
	{GET [/api/equipment-categories/roots]}: roots()
	{GET [/api/equipment-categories/tree]}: tree()
	{GET [/api/equipment-categories/type/{type}]}: byType(EquipmentType)
	{GET [/api/equipment-categories/parent/{parentId}]}: byParent(Long)
2025-10-28 14:33:56.608 TRACE [main] o.s.w.s.m.m.a.RequestMappingHandlerMapping - 
	c.e.g.c.EquipmentController:
	{PUT [/api/equipment/{id}]}: update(Long,EquipmentDTO)
	{GET [/api/equipment]}: list()
	{POST [/api/equipment]}: create(EquipmentDTO)
	{DELETE [/api/equipment/{id}]}: delete(Long)
	{GET [/api/equipment/query]}: query(EquipmentStatus,Long,Long,Long,Long,String,Pageable)
	{GET [/api/equipment/export]}: export(EquipmentStatus,Long,Long,Long,Long,String)
	{GET [/api/equipment/{id}]}: getById(Long)
	{GET [/api/equipment/page]}: page(Pageable)
	{GET [/api/equipment/keeper/{keeperId}]}: findByKeeper(Long)
	{GET [/api/equipment/status/{status}]}: findByStatus(EquipmentStatus)
	{GET [/api/equipment/location/{locationId}]}: findByLocation(Long)
2025-10-28 14:33:56.613 TRACE [main] o.s.w.s.m.m.a.RequestMappingHandlerMapping - 
	c.e.g.c.EquipmentDocumentController:
	{GET [/api/equipment-docs/page]}: page(Long,int,int,String)
	{POST [/api/equipment-docs/upload]}: upload(Long,String,DocType,MultipartFile,String)
2025-10-28 14:33:56.616 TRACE [main] o.s.w.s.m.m.a.RequestMappingHandlerMapping - 
	c.e.g.c.EquipmentTransferController:
	{GET [/api/equipment-transfers/page]}: getTransferPage(Pageable,String,String)
	{GET [/api/equipment-transfers/equipment/{equipmentId}]}: getTransfersByEquipmentId(Long)
	{GET [/api/equipment-transfers/my-transfers]}: getMyTransfers(Pageable)
	{GET [/api/equipment-transfers]}: getAllTransfers()
	{POST [/api/equipment-transfers]}: createTransfer(EquipmentTransferDTO)
	{GET [/api/equipment-transfers/statuses]}: getTransferStatuses()
	{GET [/api/equipment-transfers/types]}: getTransferTypes()
	{GET [/api/equipment-transfers/overdue]}: getOverdueLoans()
	{PUT [/api/equipment-transfers/{id}/cancel]}: cancelTransfer(Long)
	{GET [/api/equipment-transfers/statistics]}: getTransferStatistics()
	{PUT [/api/equipment-transfers/{id}/complete]}: completeTransfer(Long)
2025-10-28 14:33:56.622 TRACE [main] o.s.w.s.m.m.a.RequestMappingHandlerMapping - 
	c.e.g.c.EquipmentWorkflowController:
	{POST [/api/equipment/{id}/workflow/borrow]}: borrow(Long,BorrowRequestDTO)
	{POST [/api/equipment/{id}/workflow/move]}: move(Long,MoveRequestDTO)
	{GET [/api/equipment/{id}/workflow/history/borrows]}: getBorrowHistory(Long)
	{GET [/api/equipment/{id}/workflow/history/placements]}: getPlacementHistory(Long)
	{GET [/api/equipment/{id}/workflow/history/maintenances]}: getMaintenanceHistory(Long)
	{POST [/api/equipment/{id}/workflow/maintenance/complete]}: maintenanceComplete(Long,MaintenanceCompleteDTO)
	{POST [/api/equipment/{id}/workflow/maintenance/start]}: maintenanceStart(Long,MaintenanceStartDTO)
	{POST [/api/equipment/{id}/workflow/scrap]}: scrap(Long,ScrapRequestDTO)
	{POST [/api/equipment/{id}/workflow/return]}: returnBack(Long)
2025-10-28 14:33:56.625 TRACE [main] o.s.w.s.m.m.a.RequestMappingHandlerMapping - 
	c.e.g.c.InventoryRecordController:
	{GET [/api/inventory-records]}: list(Long,Integer)
	{POST [/api/inventory-records/{equipmentId}]}: create(Long,InventoryRecordDTO)
2025-10-28 14:33:56.627 TRACE [main] o.s.w.s.m.m.a.RequestMappingHandlerMapping - 
	c.e.g.c.KnowledgeBaseController:
	{POST [/api/knowledge-cases]}: create(FaultCase)
	{GET [/api/knowledge-cases/page]}: page(Long,String,int,int,String)
2025-10-28 14:33:56.629 TRACE [main] o.s.w.s.m.m.a.RequestMappingHandlerMapping - 
	c.e.g.c.LocationController:
	{PUT [/api/locations/{id}]}: update(Long,LocationDTO)
	{GET [/api/locations]}: list()
	{POST [/api/locations]}: create(LocationDTO)
	{DELETE [/api/locations/{id}]}: delete(Long)
	{GET [/api/locations/tree]}: tree()
	{GET [/api/locations/{parentId}/children]}: children(Long)
	{GET [/api/locations/{id}]}: getById(Long)
2025-10-28 14:33:56.631 TRACE [main] o.s.w.s.m.m.a.RequestMappingHandlerMapping - 
	c.e.g.c.MaintenanceController:
	{POST [/api/maintenances]}: create(MaintenanceRecord)
	{GET [/api/maintenances]}: page(Long,Boolean,LocalDateTime,LocalDateTime,Pageable)
	{POST [/api/maintenances/create-with-parts]}: createWithParts(MaintenanceCreateWithPartsDTO)
	{GET [/api/maintenances/stats]}: stats(LocalDateTime,LocalDateTime)
2025-10-28 14:33:56.633 TRACE [main] o.s.w.s.m.m.a.RequestMappingHandlerMapping - 
	c.e.g.c.OperationLogController:
	{GET [/api/operation-logs]}: list(Long,String,Long,String,LocalDateTime,LocalDateTime)
	{GET [/api/operation-logs/latest]}: latest(String,Long,String)
	{GET [/api/operation-logs/page]}: page(String,String,Long,String,LocalDateTime,LocalDateTime,String,int,int,String)
	{GET [/api/operation-logs/export]}: exportCsv(String,String,Long,String,LocalDateTime,LocalDateTime,String)
2025-10-28 14:33:56.639 TRACE [main] o.s.w.s.m.m.a.RequestMappingHandlerMapping - 
	c.e.g.c.SparePartController:
	{GET [/api/spare-parts/page]}: page(String,Boolean,int,int,String)
	{POST [/api/spare-parts/{id}/adjust-stock]}: adjustStock(Long,Long,int,TransactionType,String,Long)
	{GET [/api/spare-parts/by-model]}: byModel(String)
2025-10-28 14:33:56.642 TRACE [main] o.s.w.s.m.m.a.RequestMappingHandlerMapping - 
	c.e.g.c.SupplierController:
	{GET [/api/suppliers/{id}]}: get(Long)
	{PUT [/api/suppliers/{id}]}: update(Long,Supplier)
	{GET [/api/suppliers]}: list(Pageable)
	{POST [/api/suppliers]}: create(Supplier)
	{DELETE [/api/suppliers/{id}]}: delete(Long)
	{GET [/api/suppliers/search]}: search(String,Pageable)
	{POST [/api/suppliers/{id}/activate]}: activate(Long)
	{GET [/api/suppliers/page]}: page(Pageable)
2025-10-28 14:33:56.647 TRACE [main] o.s.w.s.m.m.a.RequestMappingHandlerMapping - 
	c.e.g.w.AdminController:
	{GET [/admin]}: index(Model)
	{GET [/admin/locations]}: locations(Model)
	{GET [/admin/suppliers]}: suppliers(Model)
	{GET [/admin/inventory]}: inventory(Model)
	{GET [/admin/transfers]}: transfers(Model)
	{GET [/admin/spare-parts]}: spareParts(Model)
	{GET [/admin/users]}: users(Model)
	{GET [/admin/knowledge]}: knowledge(Model)
	{GET [/admin/maintenances]}: maintenances(Model)
	{GET [/admin/consumables]}: consumables(Model)
	{GET [/admin/equipment-docs]}: equipmentDocs(Model)
	{GET [/admin/operation-logs]}: operationLogs(Model)
	{GET [/admin/categories]}: categories(Model)
	{GET [/admin/equipment]}: equipment(Model)
2025-10-28 14:33:56.650 TRACE [main] o.s.w.s.m.m.a.RequestMappingHandlerMapping - 
	c.e.g.w.HomeController:
	{GET [/]}: home()
2025-10-28 14:33:56.650 TRACE [main] o.s.w.s.m.m.a.RequestMappingHandlerMapping - 
	c.e.g.w.LoginController:
	{GET [/login]}: loginPage()
2025-10-28 14:33:56.653 TRACE [main] o.s.w.s.m.m.a.RequestMappingHandlerMapping - 
	o.s.b.a.w.s.e.BasicErrorController:
	{ [/error]}: error(HttpServletRequest)
	{ [/error], produces [text/html]}: errorHtml(HttpServletRequest,HttpServletResponse)
2025-10-28 14:33:56.667 TRACE [main] o.s.w.s.m.m.a.RequestMappingHandlerMapping - 
	o.s.w.a.OpenApiWebMvcResource:
	{GET [/v3/api-docs], produces [application/json]}: openapiJson(HttpServletRequest,String,Locale)
	{GET [/v3/api-docs.yaml], produces [application/vnd.oai.openapi]}: openapiYaml(HttpServletRequest,String,Locale)
2025-10-28 14:33:56.668 TRACE [main] o.s.w.s.m.m.a.RequestMappingHandlerMapping - 
	o.s.w.u.SwaggerWelcomeWebMvc:
	{GET [/swagger-ui.html]}: redirectToUi(HttpServletRequest)
2025-10-28 14:33:56.669 TRACE [main] o.s.w.s.m.m.a.RequestMappingHandlerMapping - 
	o.s.w.u.SwaggerConfigResource:
	{GET [/v3/api-docs/swagger-config], produces [application/json]}: openapiJson(HttpServletRequest)
2025-10-28 14:33:56.672 DEBUG [main] o.s.w.s.m.m.a.RequestMappingHandlerMapping - 104 mappings in 'requestMappingHandlerMapping'
2025-10-28 14:33:56.767 DEBUG [main] o.s.w.s.h.SimpleUrlHandlerMapping - Patterns [/webjars/**, /**, /uploads/**, /swagger-ui*/*swagger-initializer.js, /swagger-ui*/**] in 'resourceHandlerMapping'
2025-10-28 14:33:56.850 INFO  [main] o.s.b.a.e.web.EndpointLinksResolver - Exposing 2 endpoints beneath base path '/actuator'
2025-10-28 14:33:56.952 DEBUG [main] o.s.w.s.m.m.a.RequestMappingHandlerAdapter - ControllerAdvice beans: 0 @ModelAttribute, 0 @InitBinder, 1 RequestBodyAdvice, 1 ResponseBodyAdvice
2025-10-28 14:33:57.029 DEBUG [main] o.s.w.s.m.m.a.ExceptionHandlerExceptionResolver - ControllerAdvice beans: 2 @ExceptionHandler, 1 ResponseBodyAdvice
2025-10-28 14:33:57.307 INFO  [main] o.a.coyote.http11.Http11NioProtocol - Starting ProtocolHandler ["http-nio-0.0.0.0-13698"]
2025-10-28 14:33:57.325 INFO  [main] o.s.b.w.e.tomcat.TomcatWebServer - Tomcat started on port 13698 (http) with context path '/'
2025-10-28 14:33:57.339 INFO  [main] c.example.gdzc.JavaGdzcApplication - Started JavaGdzcApplication in 7.344 seconds (process running for 7.707)
2025-10-28 14:34:04.113 INFO  [http-nio-0.0.0.0-13698-exec-1] o.a.c.c.C.[Tomcat].[localhost].[/] - Initializing Spring DispatcherServlet 'dispatcherServlet'
2025-10-28 14:34:04.114 INFO  [http-nio-0.0.0.0-13698-exec-1] o.s.web.servlet.DispatcherServlet - Initializing Servlet 'dispatcherServlet'
2025-10-28 14:34:04.114 DEBUG [http-nio-0.0.0.0-13698-exec-1] o.s.web.servlet.DispatcherServlet - Detected StandardServletMultipartResolver
2025-10-28 14:34:04.114 DEBUG [http-nio-0.0.0.0-13698-exec-1] o.s.web.servlet.DispatcherServlet - Detected AcceptHeaderLocaleResolver
2025-10-28 14:34:04.114 DEBUG [http-nio-0.0.0.0-13698-exec-1] o.s.web.servlet.DispatcherServlet - Detected FixedThemeResolver
2025-10-28 14:34:04.116 DEBUG [http-nio-0.0.0.0-13698-exec-1] o.s.web.servlet.DispatcherServlet - Detected org.springframework.web.servlet.view.DefaultRequestToViewNameTranslator@651a4c4
2025-10-28 14:34:04.116 DEBUG [http-nio-0.0.0.0-13698-exec-1] o.s.web.servlet.DispatcherServlet - Detected org.springframework.web.servlet.support.SessionFlashMapManager@2536edc3
2025-10-28 14:34:04.117 DEBUG [http-nio-0.0.0.0-13698-exec-1] o.s.web.servlet.DispatcherServlet - enableLoggingRequestDetails='false': request parameters and headers will be masked to prevent unsafe logging of potentially sensitive data
2025-10-28 14:34:04.117 INFO  [http-nio-0.0.0.0-13698-exec-1] o.s.web.servlet.DispatcherServlet - Completed initialization in 3 ms
2025-10-28 14:34:04.195 DEBUG [http-nio-0.0.0.0-13698-exec-2] o.s.web.servlet.DispatcherServlet - GET "/login", parameters={}
2025-10-28 14:34:04.197 TRACE [http-nio-0.0.0.0-13698-exec-2] o.s.w.s.m.m.a.RequestMappingHandlerMapping - Mapped to com.example.gdzc.web.LoginController#loginPage()
2025-10-28 14:34:04.213 DEBUG [http-nio-0.0.0.0-13698-exec-2] o.s.w.s.v.ContentNegotiatingViewResolver - Selected 'text/html' given [text/html, application/xhtml+xml, image/avif, image/webp, image/apng, application/xml;q=0.9, */*;q=0.8, application/signed-exchange;v=b3;q=0.7]
2025-10-28 14:34:04.356 DEBUG [http-nio-0.0.0.0-13698-exec-2] o.s.web.servlet.DispatcherServlet - Completed 200 OK
2025-10-28 14:34:04.430 DEBUG [http-nio-0.0.0.0-13698-exec-3] o.s.web.servlet.DispatcherServlet - GET "/@vite/client", parameters={}
2025-10-28 14:34:04.431 DEBUG [http-nio-0.0.0.0-13698-exec-3] o.s.w.s.h.SimpleUrlHandlerMapping - Mapped to ResourceHttpRequestHandler [classpath [META-INF/resources/], classpath [resources/], classpath [static/], classpath [public/], ServletContext [/]]
2025-10-28 14:34:04.438 DEBUG [http-nio-0.0.0.0-13698-exec-3] o.s.w.s.r.ResourceHttpRequestHandler - Resource not found
2025-10-28 14:34:04.440 DEBUG [http-nio-0.0.0.0-13698-exec-3] o.s.w.s.m.m.a.ExceptionHandlerExceptionResolver - Using @ExceptionHandler com.example.gdzc.infra.GlobalExceptionHandler#handleNoResource(NoResourceFoundException)
2025-10-28 14:34:04.452 DEBUG [http-nio-0.0.0.0-13698-exec-3] o.s.w.s.m.m.a.HttpEntityMethodProcessor - Using 'application/json', given [*/*] and supported [application/json, application/*+json, application/yaml]
2025-10-28 14:34:04.454 DEBUG [http-nio-0.0.0.0-13698-exec-3] o.s.w.s.m.m.a.HttpEntityMethodProcessor - Writing [{error=Not Found, message=, timestamp=2025-10-28T06:34:04.440074100Z, status=404}]
2025-10-28 14:34:04.466 DEBUG [http-nio-0.0.0.0-13698-exec-3] o.s.w.s.m.m.a.ExceptionHandlerExceptionResolver - Resolved [org.springframework.web.servlet.resource.NoResourceFoundException: No static resource @vite/client.]
2025-10-28 14:34:04.466 DEBUG [http-nio-0.0.0.0-13698-exec-3] o.s.web.servlet.DispatcherServlet - Completed 404 NOT_FOUND
2025-10-28 14:34:23.897 DEBUG [HikariPool-1:housekeeper] com.zaxxer.hikari.pool.HikariPool - HikariPool-1 - Pool stats (total=10/10, idle=10/10, active=0, waiting=0)
2025-10-28 14:34:23.897 DEBUG [HikariPool-1:housekeeper] com.zaxxer.hikari.pool.HikariPool - HikariPool-1 - Fill pool skipped, pool has sufficient level or currently being filled.
2025-10-28 14:34:38.421 DEBUG [http-nio-0.0.0.0-13698-exec-5] o.s.web.servlet.DispatcherServlet - GET "/login", parameters={}
2025-10-28 14:34:38.430 TRACE [http-nio-0.0.0.0-13698-exec-5] o.s.w.s.m.m.a.RequestMappingHandlerMapping - Mapped to com.example.gdzc.web.LoginController#loginPage()
2025-10-28 14:34:38.431 DEBUG [http-nio-0.0.0.0-13698-exec-5] o.s.w.s.v.ContentNegotiatingViewResolver - Selected 'text/html' given [text/html, application/xhtml+xml, image/avif, image/webp, image/apng, application/xml;q=0.9, */*;q=0.8, application/signed-exchange;v=b3;q=0.7]
2025-10-28 14:34:38.437 DEBUG [http-nio-0.0.0.0-13698-exec-5] o.s.web.servlet.DispatcherServlet - Completed 200 OK
2025-10-28 14:34:38.552 DEBUG [http-nio-0.0.0.0-13698-exec-6] o.s.web.servlet.DispatcherServlet - GET "/@vite/client", parameters={}
2025-10-28 14:34:38.553 DEBUG [http-nio-0.0.0.0-13698-exec-6] o.s.w.s.h.SimpleUrlHandlerMapping - Mapped to ResourceHttpRequestHandler [classpath [META-INF/resources/], classpath [resources/], classpath [static/], classpath [public/], ServletContext [/]]
2025-10-28 14:34:38.556 DEBUG [http-nio-0.0.0.0-13698-exec-6] o.s.w.s.r.ResourceHttpRequestHandler - Resource not found
2025-10-28 14:34:38.556 DEBUG [http-nio-0.0.0.0-13698-exec-6] o.s.w.s.m.m.a.ExceptionHandlerExceptionResolver - Using @ExceptionHandler com.example.gdzc.infra.GlobalExceptionHandler#handleNoResource(NoResourceFoundException)
2025-10-28 14:34:38.557 DEBUG [http-nio-0.0.0.0-13698-exec-6] o.s.w.s.m.m.a.HttpEntityMethodProcessor - Using 'application/json', given [*/*] and supported [application/json, application/*+json, application/yaml]
2025-10-28 14:34:38.557 DEBUG [http-nio-0.0.0.0-13698-exec-6] o.s.w.s.m.m.a.HttpEntityMethodProcessor - Writing [{error=Not Found, message=, timestamp=2025-10-28T06:34:38.556937400Z, status=404}]
2025-10-28 14:34:38.558 DEBUG [http-nio-0.0.0.0-13698-exec-6] o.s.w.s.m.m.a.ExceptionHandlerExceptionResolver - Resolved [org.springframework.web.servlet.resource.NoResourceFoundException: No static resource @vite/client.]
2025-10-28 14:34:38.559 DEBUG [http-nio-0.0.0.0-13698-exec-6] o.s.web.servlet.DispatcherServlet - Completed 404 NOT_FOUND
2025-10-28 14:34:53.899 DEBUG [HikariPool-1:housekeeper] com.zaxxer.hikari.pool.HikariPool - HikariPool-1 - Pool stats (total=10/10, idle=10/10, active=0, waiting=0)
2025-10-28 14:34:53.900 DEBUG [HikariPool-1:housekeeper] com.zaxxer.hikari.pool.HikariPool - HikariPool-1 - Fill pool skipped, pool has sufficient level or currently being filled.
2025-10-28 14:35:23.901 DEBUG [HikariPool-1:housekeeper] com.zaxxer.hikari.pool.HikariPool - HikariPool-1 - Pool stats (total=10/10, idle=10/10, active=0, waiting=0)
2025-10-28 14:35:23.901 DEBUG [HikariPool-1:housekeeper] com.zaxxer.hikari.pool.HikariPool - HikariPool-1 - Fill pool skipped, pool has sufficient level or currently being filled.
2025-10-28 14:35:31.759 DEBUG [HikariPool-1:housekeeper] com.zaxxer.hikari.pool.HikariPool - HikariPool-1 - keepalive: connection com.mysql.cj.jdbc.ConnectionImpl@59a010fe is alive
2025-10-28 14:35:32.838 DEBUG [HikariPool-1:housekeeper] com.zaxxer.hikari.pool.HikariPool - HikariPool-1 - keepalive: connection com.mysql.cj.jdbc.ConnectionImpl@560fd236 is alive
2025-10-28 14:35:33.928 DEBUG [HikariPool-1:housekeeper] com.zaxxer.hikari.pool.HikariPool - HikariPool-1 - keepalive: connection com.mysql.cj.jdbc.ConnectionImpl@cb6cd7f is alive
2025-10-28 14:35:39.845 DEBUG [HikariPool-1:housekeeper] com.zaxxer.hikari.pool.HikariPool - HikariPool-1 - keepalive: connection com.mysql.cj.jdbc.ConnectionImpl@65259737 is alive
2025-10-28 14:35:44.099 DEBUG [HikariPool-1:housekeeper] com.zaxxer.hikari.pool.HikariPool - HikariPool-1 - keepalive: connection com.mysql.cj.jdbc.ConnectionImpl@5c5e1422 is alive
2025-10-28 14:35:44.756 DEBUG [HikariPool-1:housekeeper] com.zaxxer.hikari.pool.HikariPool - HikariPool-1 - keepalive: connection com.mysql.cj.jdbc.ConnectionImpl@2c445f8f is alive
2025-10-28 14:35:44.794 DEBUG [HikariPool-1:housekeeper] com.zaxxer.hikari.pool.HikariPool - HikariPool-1 - keepalive: connection com.mysql.cj.jdbc.ConnectionImpl@3dc156ee is alive
